Unity Player [version: Unity 4.6.0f3_30840d631a27]

test6.exe caused an Access Violation (0xc0000005)
  in module test6.exe at 0023:0148d76f.

Error occurred at 2015-05-25_221142.
C:\Users\joon\Documents\GitHub\Matrix\MainUI\test6.exe, run by joon.
24% memory in use.
0 MB physical memory [0 MB free].
0 MB paging file [0 MB free].
0 MB user address space [3568 MB free].
Read from location 00000001 caused an access violation.

Context:
EDI:    0x00000000  ESI: 0x00000000  EAX:   0x00000000
EBX:    0x00000005  ECX: 0x00000000  EDX:   0xffffffd8
EIP:    0x0148d76f  EBP: 0x002bea70  SegCs: 0x00000023
EFlags: 0x00010246  ESP: 0x002bea24  SegSs: 0x0000002b

Bytes at CS:EIP:
0f b6 54 b0 01 8d 0c b0 8b 45 08 88 10 0f b6 51 

Stack:
0x002bea24: 0c330750 03a1b584 ffffffff 100fc3af P.3.............
0x002bea34: 002bea78 0355a058 00000008 0355a060 x.+.X.U.....`.U.
0x002bea44: 0355a1f0 00000000 00000001 002bea88 ..U...........+.
0x002bea54: 10106235 03559e58 002bea88 10106268 5b..X.U...+.hb..
0x002bea64: 0355a05c 00000190 101b70e0 002beabc \.U......p....+.
0x002bea74: 0149cc91 002beac8 06f66e60 00000000 ..I...+.`n......
0x002bea84: 00000000 00000005 00000000 ffffffff ................
0x002bea94: 00000000 002beaac 002beb04 08b7aed8 ......+...+.....
0x002beaa4: ffffffff 1007e4da 08b7aed8 488ebec2 ...............H
0x002beab4: 40017d7e 00000001 002bead8 015be514 ~}.@......+...[.
0x002beac4: 002beb04 00000000 ffffffff 00000000 ..+.............
0x002bead4: 08b7aed8 002beb38 0355a229 002beb04 ....8.+.).U...+.
0x002beae4: 0c330750 ffffffff 00000000 002bf215 P.3...........+.
0x002beaf4: 03480b50 11ff84f0 002beb40 ffffffff P.H.....@.+.....
0x002beb04: ffffffff 08b7aed8 002bebb8 002beb38 ..........+.8.+.
0x002beb14: 002bf214 03480b50 08b7aed8 0355a201 ..+.P.H.......U.
0x002beb24: ffffffff ffffffff 08b7aed8 002beb38 ............8.+.
0x002beb34: 0355a1f4 002bebb8 0355a060 002beb78 ..U...+.`.U.x.+.
0x002beb44: 0c330750 ffffffff 00000000 002bef68 P.3.........h.+.
0x002beb54: 1007e512 00000001 0c330750 e0000000 ........P.3.....
0x002beb64: 3fe644eb 03559e58 3f32275f 3e000000 .D.?X.U._'2?...>
0x002beb74: 400bebf2 00000000 00000000 00000000 ...@............
0x002beb84: 00000000 12098240 002bef68 03559904 ....@...h.+...U.
0x002beb94: bf800000 002bef08 c016cbe4 00000000 ......+.........
0x002beba4: 00000000 002bebac 12098240 08b72e40 ......+.@...@...
0x002bebb4: 03525200 002bef68 03559904 002bef08 .RR.h.+...U...+.
0x002bebc4: 08b7aed8 bf13cd3a bf13cd3a bf13cd3a ....:...:...:...
0x002bebd4: bf800000 bf800000 44800000 1215d618 ...........D....
0x002bebe4: 00000810 08b52f10 08b52f1c 08b52f28 ...../.../..(/..
0x002bebf4: 08b6a010 00000000 bf800000 bf800000 ................
0x002bec04: bf800000 3f800000 bf800000 bf800000 .......?........
0x002bec14: bf800000 3f800000 bf800000 3f800000 .......?.......?
0x002bec24: 3f800000 bf800000 1215d610 03480000 ...?..........H.
0x002bec34: 1216cfe0 75fc14ad 03480000 00000000 .......u..H.....
0x002bec44: 00000000 0000131d 002bed38 00000c1d ........8.+.....
0x002bec54: 03480000 1215d610 002bed38 77753417 ..H.....8.+..4uw
0x002bec64: 77753446 77a87991 000060c0 00000000 F4uw.y.w.`......
0x002bec74: 03480000 034832d8 7774e38c 77a879ad ..H..2H...tw.y.w
0x002bec84: 00000040 03484ff4 03480000 300e0003 @....OH...H....0
0x002bec94: 00000058 ffffff00 034832d8 034832d8 X........2H..2H.
0x002beca4: 1215d618 2c0d0004 00000058 00000401 .......,X.......
0x002becb4: 000007ff 034832d8 00000586 01100358 .....2H.....X...
0x002becc4: 03480000 00002000 02000002 00000000 ..H.. ..........
0x002becd4: 0b28b488 01100048 01100318 120c4420 ..(.H....... D..
0x002bece4: 011030f0 02000002 002bec80 034800c4 .0........+...H.
0x002becf4: 002bfac8 77791985 00f746d1 00000201 ..+...yw.F......
0x002bed04: 12159dd0 03480000 1215bdd8 11fee0d8 ......H.........
0x002bed14: 00002000 03480000 bf800000 bf800000 . ....H.........
0x002bed24: bf800000 3f800000 bf800000 bf800000 .......?........
0x002bed34: bf800000 3f800000 bf800000 3f800000 .......?.......?
0x002bed44: 3f800000 bf800000 03480000 034832d8 ...?......H..2H.
0x002bed54: 002bee68 0023007e 034832d8 03480000 h.+.~.#..2H...H.
0x002bed64: 12159dd0 00000000 02000200 00000000 ................
0x002bed74: 1215ade0 12163700 1211d0b0 000095a0 .....7..........
0x002bed84: 03480000 00000000 00003bf8 000007ff ..H......;......
0x002bed94: 11fd0000 12157d60 0000077f 12157d60 ....`}......`}..
0x002beda4: 034832d8 00000b11 002bedec 77784921 .2H.......+.!Ixw
0x002bedb4: 03480000 0014e9b0 00000000 03480000 ..H...........H.
0x002bedc4: 00000000 1214e9b0 00000000 7b00077c ............|..{
0x002bedd4: 03480000 12150660 12157d60 12156360 ..H.`...`}..`c..
0x002bede4: 00003700 03480000 00000000 1214e9b0 .7....H.........
0x002bedf4: 002beee4 77753022 03480138 77752ffe ..+."0uw8.H../uw
0x002bee04: 77a87a4d 00000000 03480000 1214e9b8 Mz.w......H.....
0x002bee14: 0e00131d 00000381 01100164 12163700 ........d....7..
0x002bee24: 011004a8 00000000 12150660 034832d8 ........`....2H.
0x002bee34: 00000000 03480000 3f800000 bf800000 ......H....?....
0x002bee44: bf800000 bf800000 bf800000 bf800000 ................
0x002bee54: 40000000 00000000 00000000 3b000000 ...@...........;
0x002bee64: 00000000 00000000 3f800000 3f800000 ...........?...?
0x002bee74: bf800000 bf800000 3f800000 bf800000 ...........?....
0x002bee84: 40000000 00000000 00000000 3b000000 ...@...........;
0x002bee94: 00000000 00000000 bf800000 bf800000 ................
0x002beea4: bf800000 bf800000 3f800000 bf800000 ...........?....
0x002beeb4: bf800000 3f800000 bf800000 bf800000 .......?........
0x002beec4: bf800000 bf800000 00000000 40000000 ...............@
0x002beed4: 00000000 00000000 00000000 00000000 ................
0x002beee4: bf800000 bf800000 bf800000 bf800000 ................
0x002beef4: bf800000 bf800000 bf13cd3a bf13cd3a ........:...:...
0x002bef04: bf13cd3a 00000000 03489e80 0000000c :.........H.....
0x002bef14: 002bef48 100601f7 120019c0 11ffa5d4 H.+.............
0x002bef24: 00000000 00000000 00000000 00744e70 ............pNt.
0x002bef34: 002bef48 120019c0 00000000 002bef54 H.+.........T.+.
0x002bef44: 100092f9 0b269b90 00744f08 00744e70 ......&..Ot.pNt.
0x002bef54: 002befb4 101e7fa0 0b23d650 12098240 ..+.....P.#.@...
0x002bef64: 002bf13c 002befac 03525241 08b72e40 <.+...+.ARR.@...
0x002bef74: 002bef94 10110738 03480000 00000000 ..+.8.....H.....
0x002bef84: 0000000c 00000000 03489e80 00000000 ..........H.....
0x002bef94: 00000000 10001d44 0000000c 12001d48 ....D.......H...
0x002befa4: 0348a550 12098240 002befdc 100f0376 P.H.@.....+.v...
0x002befb4: 08b72e40 002bf0d0 002bf13c 03558248 @.....+.<.+.H.U.
0x002befc4: 00010000 00000000 12001d48 00000000 ........H.......
0x002befd4: 00744e70 00000000 002bf000 1005d78c pNt.......+.....
0x002befe4: 12001d48 08b72e40 002bf0d0 002bf13c H...@.....+.<.+.
0x002beff4: 002bf13c 039ebbd0 00000000 002bf01c <.+...........+.
0x002bf004: 01484b88 12001d48 08b72e40 002bf0d0 .KH.H...@.....+.
0x002bf014: 002bf13c 002bf08c 002bf058 015211b5 <.+...+.X.+...R.
0x002bf024: 039ebbd0 08b72e40 002bf0a8 002bf13c ....@.....+.<.+.
0x002bf034: 002bf13c 002bf08c 01d98cf0 01d98db0 <.+...+.........
0x002bf044: 00000018 01d98cf0 00000000 002bf07c ............|.+.
0x002bf054: 002bf07c 002bf068 0152133e 002bf13c |.+.h.+.>.R.<.+.
0x002bf064: 00000000 002bf07c 01521161 002bf13c ....|.+.a.R.<.+.
0x002bf074: 00000001 002bf13c 002bf124 01473f9d ....<.+.$.+..?G.
0x002bf084: 002bf13c 03a34cec 01bf17e8 039ebbd0 <.+..L..........
0x002bf094: 08b72e40 00002af6 0b1448f8 002b0101 @....*...H....+.
0x002bf0a4: 00000000 00000000 00000000 00000000 ................
0x002bf0b4: 00000000 00000000 00000000 00000000 ................
0x002bf0c4: 00000000 00000000 00000000 00000000 ................
0x002bf0d4: 00000000 00000000 00000000 00000000 ................
0x002bf0e4: 00000000 00000000 00000000 00000000 ................
0x002bf0f4: 00000000 00000000 00000000 00000000 ................
0x002bf104: 00000000 00000000 00000000 00000000 ................
0x002bf114: 00000000 00000000 00000000 00000000 ................
0x002bf124: 002bf144 014741e3 002bf13c 00000001 D.+..AG.<.+.....
0x002bf134: 03a34cec 00000000 00000000 002bf1b4 .L............+.
0x002bf144: 002bf1b4 01476161 0c32bf60 0fe49e20 ..+.aaG.`.2. ...
0x002bf154: 03525200 03557dff 00000008 03557e07 .RR..}U......~U.
0x002bf164: 035250e0 00000000 00000001 002bf1a8 .PR...........+.
0x002bf174: 10106235 03557d78 002bf1a8 10106268 5b..x}U...+.hb..
0x002bf184: 03557e03 fffcd2d9 101b70e0 11ffa558 .~U......p..X...
0x002bf194: 101062bc e8505108 fffcce91 0b2b6688 .b...QP......f+.
0x002bf1a4: 31b55ee4 002bf1f8 0fe49e20 03a4e448 .^.1..+. ...H...
0x002bf1b4: 002bf1e8 0147752b 039ebbd0 00000000 ..+.+uG.........
0x002bf1c4: 08b72e40 08b72e40 002bf1e8 1010dde7 @...@.....+.....
0x002bf1d4: 1021d5e0 11ffa5d4 002bf1f0 1007c4a1 ..!.......+.....
0x002bf1e4: 0000002c 002bf1f8 015d4702 08b72e40 ,.....+..G].@...
0x002bf1f4: 08b7aed8 002bf238 03525137 08b7aed8 ....8.+.7QR.....
0x002bf204: 08b72e40 035250e0 00000000 002bf238 @....PR.....8.+.
0x002bf214: 002bf534 03480b50 12098220 03525119 4.+.P.H. ....QR.
0x002bf224: 03525200 0c32bf60 12098220 002bf238 .RR.`.2. ...8.+.
0x002bf234: 0352510c 002bf258 035250f4 08b7aed8 .QR.X.+..PR.....
0x002bf244: 08b72e40 002bf24c 002bf288 12098220 @...L.+...+. ...
0x002bf254: 0c32bf60 002bf288 03557e07 08b7aed8 `.2...+..~U.....
0x002bf264: 08b72e40 00000000 00768cc0 00744e70 @.........v.pNt.
0x002bf274: 00000400 08b7aed8 08b7aed8 00000000 ................
0x002bf284: 002bf45c 002bf2cc 03525241 0c32bf60 \.+...+.ARR.`.2.
0x002bf294: 002bf2b4 10110738 03480000 00000000 ..+.8.....H.....
0x002bf2a4: 0000000c 00000000 03489e80 00000000 ..........H.....
0x002bf2b4: 00000000 10001d44 0000000c 12000fc8 ....D...........
0x002bf2c4: 0348a550 12098220 002bf2fc 100f0376 P.H. .....+.v...
0x002bf2d4: 0c32bf60 002bf3f0 002bf45c 03557d78 `.2...+.\.+.x}U.
0x002bf2e4: 00010000 00000000 12000fc8 00000000 ................
0x002bf2f4: 00744e70 00000000 002bf320 1005d78c pNt..... .+.....
0x002bf304: 12000fc8 0c32bf60 002bf3f0 002bf45c ....`.2...+.\.+.
0x002bf314: 002bf45c 03a42948 00000000 002bf33c \.+.H)......<.+.
0x002bf324: 01484b88 12000fc8 0c32bf60 002bf3f0 .KH.....`.2...+.
0x002bf334: 002bf45c 002bf3ac 002bf378 015211b5 \.+...+.x.+...R.
0x002bf344: 03a42948 0c32bf60 002bf3c8 002bf45c H)..`.2...+.\.+.
0x002bf354: 002bf45c 002bf3ac 01d98cf0 01d98db0 \.+...+.........
0x002bf364: 00000018 01d98cf0 00000000 002bf39c ..............+.
0x002bf374: 002bf39c 002bf388 0152133e 002bf45c ..+...+.>.R.\.+.
0x002bf384: 00000000 002bf39c 01521161 002bf45c ......+.a.R.\.+.
0x002bf394: 00000001 002bf45c 002bf444 01473f9d ....\.+.D.+..?G.
0x002bf3a4: 002bf45c 03a2ec4c 01bf17e8 03a42948 \.+.L.......H)..
0x002bf3b4: 0c32bf60 00002af6 0b1448f8 002b0101 `.2..*...H....+.
0x002bf3c4: 00000000 00000000 00000000 00000000 ................
0x002bf3d4: 00000000 00000000 00000000 00000000 ................
0x002bf3e4: 00000000 00000000 00000000 00000000 ................
0x002bf3f4: 00000000 00000000 00000000 00000000 ................
0x002bf404: 00000000 00000000 00000000 00000000 ................
0x002bf414: 00000000 00000000 00000000 00000000 ................
0x002bf424: 00000000 00000000 00000000 00000000 ................
0x002bf434: 00000000 00000000 00000000 00000000 ................
0x002bf444: 002bf464 014741e3 002bf45c 00000001 d.+..AG.\.+.....
0x002bf454: 03a2ec4c 00000000 00000000 002bf4d4 L.............+.
0x002bf464: 002bf4d4 01476161 0c31df90 0fe49e20 ..+.aaG...1. ...
0x002bf474: 03525200 03553a60 00000008 03553a68 .RR.`:U.....h:U.
0x002bf484: 035250e0 00000000 00000001 002bf4c8 .PR...........+.
0x002bf494: 10106235 03553760 002bf4c8 10106268 5b..`7U...+.hb..
0x002bf4a4: 03553a64 fffd1678 101b70e0 11fffbc8 d:U.x....p......
0x002bf4b4: 101062bc e8505108 fffd1230 0b2b6688 .b...QP.0....f+.
0x002bf4c4: 31b55b84 002bf518 0fe49e20 03a24a4c .[.1..+. ...LJ..
0x002bf4d4: 002bf508 0147752b 03a42948 00000000 ..+.+uG.H)......
0x002bf4e4: 0c32bf60 00000000 f3ceab9f 000002ee `.2.............
0x002bf4f4: 0c318b40 1021d5e0 002bf510 1007c4a1 @.1...!...+.....
0x002bf504: 0000002c 002bf518 015d4702 0c32bf60 ,.....+..G].`.2.
0x002bf514: 08b7aed8 002bf558 03525137 08b7aed8 ....X.+.7QR.....
0x002bf524: 0c32bf60 035250e0 00000000 002bf558 `.2..PR.....X.+.
0x002bf534: 03480d50 03480b50 12098040 03525119 P.H.P.H.@....QR.
0x002bf544: 03525200 0c31df90 12098040 002bf558 .RR...1.@...X.+.
0x002bf554: 0352510c 002bf578 035250f4 08b7aed8 .QR.x.+..PR.....
0x002bf564: 0c32bf60 002bf56c 002bf5b8 12098040 `.2.l.+...+.@...
0x002bf574: 0c31df90 002bf5b8 03553a68 08b7aed8 ..1...+.h:U.....
0x002bf584: 0c32bf60 002bf598 1005de41 00000009 `.2...+.A.......
0x002bf594: 120981c0 002bf5d8 03501270 0b269b04 ......+.p.P...&.
0x002bf5a4: 08b7aed8 08b7aed8 120a14c0 00000005 ................
0x002bf5b4: 002bf78c 002bf5fc 03525241 0c31df90 ..+...+.ARR...1.
0x002bf5c4: 03525200 002bf7a8 002bf5e4 10001e35 .RR...+...+.5...
0x002bf5d4: 12000588 12000588 12000588 00000000 ................
0x002bf5e4: 00000000 10001ddd 03489e80 12000588 ..........H.....
0x002bf5f4: 002bf5fc 002bf600 002bf62c 100f0376 ..+...+.,.+.v...
0x002bf604: 0c31df90 002bf720 002bf78c 03553760 ..1. .+...+.`7U.
0x002bf614: 00010000 039e8200 12000588 00753f00 .............?u.
0x002bf624: 00744e70 002bf7a8 002bf650 1005d78c pNt...+.P.+.....
0x002bf634: 12000588 0c31df90 002bf720 002bf78c ......1. .+...+.
0x002bf644: 002bf78c 03a49c4c 039e8200 002bf66c ..+.L.......l.+.
0x002bf654: 01484b88 12000588 0c31df90 002bf720 .KH.......1. .+.
0x002bf664: 002bf78c 002bf6dc 002bf6a8 015211b5 ..+...+...+...R.
0x002bf674: 03a49c4c 0c31df90 002bf6f8 002bf78c L.....1...+...+.
0x002bf684: 002bf78c 002bf6dc 015211b5 03a4255c ..+...+...R.\%..
0x002bf694: 00753f00 002bf714 002bf7a8 002bf7a8 .?u...+...+...+.
0x002bf6a4: 002bf6f8 002bf6b8 0152133e 002bf78c ..+...+.>.R...+.
0x002bf6b4: 00000000 002bf6cc 01521161 002bf78c ......+.a.R...+.
0x002bf6c4: 00000001 002bf78c 002bf774 01473f9d ......+.t.+..?G.
0x002bf6d4: 002bf78c 039ea7f4 01bf17e8 03a49c4c ..+.........L...
0x002bf6e4: 0c31df90 00002af6 0b1448f8 002b0101 ..1..*...H....+.
0x002bf6f4: 00000000 00000000 00000000 00000000 ................
0x002bf704: 00000000 00000000 00000000 00000000 ................
0x002bf714: 00000000 00000000 00000000 00000000 ................
0x002bf724: 00000000 00000000 00000000 00000000 ................
0x002bf734: 00000000 00000000 00000000 00000000 ................
0x002bf744: 00000000 00000000 00000000 00000000 ................
0x002bf754: 00000000 00000000 00000000 00000000 ................
0x002bf764: 00000000 00000000 00000000 00000000 ................
0x002bf774: 002bf794 014741e3 002bf78c 039ea7f4 ..+..AG...+.....
0x002bf784: 039e8290 039e8200 00000000 002bf7b0 ..............+.
0x002bf794: 002bf7b0 0147421f 039c7654 01474050 ..+..BG.Tv..P@G.
0x002bf7a4: 039e8290 00000000 009c7644 002bf81c ........Dv....+.
0x002bf7b4: 0145d86e 0fe49e20 039e8290 1d9a1a1f n.E. ...........
0x002bf7c4: 00000000 00000001 03980dc4 04bd60c4 .............`..
0x002bf7d4: 04bd87a4 03980dc4 04bd87a4 04bd87a4 ................
0x002bf7e4: 00000000 03a18530 039d75ac 002bf820 ....0....u.. .+.
0x002bf7f4: 01477407 00000000 7775496d 04ab3ea4 .tG.....mIuw.>..
0x002bf804: 00001378 42a9f6cd 01474250 0fe49e20 x......BPBG. ...
0x002bf814: 039e8290 039c762c 002bf8dc 014eed37 ....,v....+.7.N.
0x002bf824: 00000002 00000000 00000000 76285f74 ............t_(v
0x002bf834: 01bf17e8 039c67e0 00000000 00000000 .....g..........
0x002bf844: 00000000 76270101 00000000 00000000 ......'v........
0x002bf854: 00000001 00000000 00000000 00000000 ................
0x002bf864: 00000000 00000000 00000000 00000000 ................
0x002bf874: 00000000 002bf850 002bf854 00000000 ....P.+.T.+.....
0x002bf884: 00000000 00000000 00000000 00000000 ................
0x002bf894: 00000000 00000000 00000000 00000001 ................
0x002bf8a4: 00000001 00000000 00000000 00000000 ................
0x002bf8b4: 00000000 00000000 00000000 00000000 ................
0x002bf8c4: 00000000 00000002 00000001 3f800000 ...............?
0x002bf8d4: 04a6aa60 0100f8e8 002bf918 01565a8b `.........+..ZV.
0x002bf8e4: 00000000 00000001 00000000 00000010 ................
0x002bf8f4: 00000001 00050496 00000101 0000000d ................
0x002bf904: c01c0001 0001d557 00000347 0000020c ....W...G.......
0x002bf914: 000005ec 002bfa30 01567355 00000000 ....0.+.UsV.....
0x002bf924: 00000000 fffde000 03981a58 0000000f ........X.......
0x002bf934: 002bf8c8 034f2038 0000002c 0000002f ..+.8 O.,.../...
0x002bf944: 00f746d1 03982200 7774e38c 7774e0f2 .F..."....tw..tw
0x002bf954: 01e347a8 00000000 0000000f 01824761 .G..........aG..
0x002bf964: 6f6e6f00 6374652f 034f2000 0000000f .ono/etc. O.....
0x002bf974: 00000000 0000000f 01d750f8 03982228 .........P..("..
0x002bf984: 03982260 03982260 002bf9cc 03981a0c `"..`"....+.....
0x002bf994: 002bf9bc 00000412 00001001 00000037 ..+.........7...
0x002bf9a4: 0000003f 01cf67a0 002c392c 03981af0 ?....g..,9,.....
0x002bf9b4: 00000004 002bf8f0 7773fae6 00000046 ......+...swF...
0x002bf9c4: 0000004f 49656e69 03982200 00000000 O...ineI."......
0x002bf9d4: 00000000 01bd0ea4 00000000 0000000f ................
0x002bf9e4: 002bfa14 00000000 616e614d 00646567 ..+.....Managed.
0x002bf9f4: 018129bb 00000000 00000007 0000000f .)..............
0x002bfa04: 018129c8 002c392c 039d1200 6e6f6d2f .)..,9,...../mon
0x002bfa14: 6c642e6f 0100006c 00000000 0000000f o.dll...........
0x002bfa24: 034f1820 00000000 00000000 002bfa48  .O.........H.+.
0x002bfa34: 017da618 01370000 00000000 00802f9f ..}...7....../..
0x002bfa44: 0000000a 002bfad8 0180f4f0 01370000 ......+.......7.
0x002bfa54: 00000000 00802f9f 0000000a 31b8303a ...../......:0.1
0x002bfa64: 00000000 00000000 fffde000 00000044 ............D...
0x002bfa74: 00801d68 00801d48 00801d34 00000000 h...H...4.......
0x002bfa84: 00000000 00000000 00000000 00000000 ................
0x002bfa94: 00000000 00000000 00000000 00000000 ................
0x002bfaa4: 00000000 00000000 002bfad4 01820834 ..........+.4...
0x002bfab4: c0000005 00000000 00000000 002bfa60 ............`.+.
0x002bfac4: 002be46c 002bfb14 018112d0 3045dfda l.+...+.......E0
0x002bfad4: 00000000 002bfae4 75fc336a fffde000 ......+.j3.u....
0x002bfae4: 002bfb24 777592b2 fffde000 77a86f8d $.+...uw.....o.w
0x002bfaf4: 00000000 00000000 fffde000 c0000005 ................
0x002bfb04: 75fe76c7 75fe76c7 002bfaf0 002be470 .v.u.v.u..+.p.+.
0x002bfb14: ffffffff 77791985 00f751f9 00000000 ......yw.Q......
0x002bfb24: 002bfb3c 77759285 0180f543 fffde000 <.+...uwC.......
0x002bfb34: 00000000 00000000 00000000 00000000 ................
0x002bfb44: 0180f543 fffde000 00000000 00000000 C...............
0x002bfb54: 00000000 00000000 00000000 00000000 ................
0x002bfb64: 00000000 00000000 00000000 00000000 ................
0x002bfb74: 00000000 00000000 00000000 00000000 ................
0x002bfb84: 00000000 00000000 00000000 00000000 ................
0x002bfb94: 00000000 00000000 00000000 00000000 ................
0x002bfba4: 00000000 00000000 00000000 00000000 ................
0x002bfbb4: 00000000 00000000 00000000 00000000 ................
0x002bfbc4: 00000000 00000000 00000000 00000000 ................
0x002bfbd4: 00000000 00000000 00000000 00000000 ................
0x002bfbe4: 00000000 00000000 00000000 00000000 ................
0x002bfbf4: 00000000 00000000 00000000 00000000 ................
0x002bfc04: 00000000 00000000 00000000 00000000 ................
0x002bfc14: 00000000 00000000 00000000 00000000 ................
0x002bfc24: 00000000 00000000 00000000 00000000 ................
0x002bfc34: 00000000 00000000 00000000 00000000 ................
0x002bfc44: 00000000 00000000 00000000 00000000 ................
0x002bfc54: 00000000 00000000 00000000 00000000 ................
0x002bfc64: 00000000 00000000 00000000 00000000 ................
0x002bfc74: 00000000 00000000 00000000 00000000 ................
0x002bfc84: 00000000 00000000 00000000 00000000 ................
0x002bfc94: 00000000 00000000 00000000 00000000 ................
0x002bfca4: 00000000 00000000 00000000 00000000 ................
0x002bfcb4: 00000000 00000000 00000000 00000000 ................
0x002bfcc4: 00000000 00000000 00000000 00000000 ................
0x002bfcd4: 00000000 00000000 00000000 00000000 ................
0x002bfce4: 00000000 00000000 00000000 00000000 ................
0x002bfcf4: 00000000 00000000 00000000 00000000 ................
0x002bfd04: 00000000 00000000 00000000 00000000 ................
0x002bfd14: 00000000 00000000 00000000 00000000 ................
0x002bfd24: 00000000 00000000 00000000 00000000 ................
0x002bfd34: 00000000 00000000 00000000 00000000 ................
0x002bfd44: 00000000 00000000 00000000 00000000 ................
0x002bfd54: 00000000 00000000 00000000 00000000 ................
0x002bfd64: 00000000 00000000 00000000 00000000 ................
0x002bfd74: 00000000 00000000 00000000 00000000 ................
0x002bfd84: 00000000 00000000 00000000 00000000 ................
0x002bfd94: 00000000 00000000 00000000 00000000 ................
0x002bfda4: 00000000 00000000 00000000 00000000 ................
0x002bfdb4: 00000000 00000000 00000000 00000000 ................
0x002bfdc4: 00000000 00000000 00000000 00000000 ................
0x002bfdd4: 00000000 00000000 00000000 00000000 ................
0x002bfde4: 00000000 00000000 00000000 00000000 ................
0x002bfdf4: 00000000 00000000 00000000 00000000 ................
0x002bfe04: 00000000 00000000 00000000 00000000 ................
0x002bfe14: 00000000 00000000 00000000 00000000 ................
0x002bfe24: 00000000 00000000 00000000 00000000 ................
0x002bfe34: 00000000 00000000 00000000 00000000 ................
0x002bfe44: 00000000 00000000 00000000 00000000 ................
0x002bfe54: 00000000 00000000 00000000 00000000 ................
0x002bfe64: 00000000 00000000 00000000 00000000 ................
0x002bfe74: 00000000 00000000 00000000 00000000 ................
0x002bfe84: 00000000 00000000 00000000 00000000 ................
0x002bfe94: 00000000 00000000 00000000 00000000 ................
0x002bfea4: 00000000 00000000 00000000 00000000 ................
0x002bfeb4: 00000000 00000000 00000000 00000000 ................
0x002bfec4: 00000000 00000000 00000000 00000000 ................
0x002bfed4: 00000000 00000000 00000000 00000000 ................
0x002bfee4: 00000000 00000000 00000000 00000000 ................
0x002bfef4: 00000000 00000000 00000000 00000000 ................
0x002bff04: 00000000 00000000 00000000 00000000 ................
0x002bff14: 00000000 00000000 00000000 00000000 ................
0x002bff24: 00000000 00000000 00000000 00000000 ................
0x002bff34: 00000000 00000000 00000000 00000000 ................
0x002bff44: 00000000 00000000 00000000 00000000 ................
0x002bff54: 00000000 00000000 00000000 00000000 ................
0x002bff64: 00000000 00000000 00000000 00000000 ................
0x002bff74: 00000000 00000000 00000000 00000000 ................
0x002bff84: 00000000 00000000 00000000 00000000 ................
0x002bff94: 00000000 00000000 00000000 00000000 ................
0x002bffa4: 00000000 00000000 00000000 00000000 ................
0x002bffb4: 00000000 00000000 00000000 00000000 ................
0x002bffc4: 00000000 00000000 00000000 00000000 ................
0x002bffd4: 00000000 00000000 00000000 00000000 ................
0x002bffe4: 00000000 00000000 00000000 00000000 ................
0x002bfff4: 00000000 00000000 00000000          ............

Module 1
C:\Users\joon\Documents\GitHub\Matrix\MainUI\test6.exe
Image Base: 0x01370000  Image Size: 0x00bb2000
File Size:  11595264    File Time:  2014-11-19_014824
Version:
   Company:    
   Product:    
   FileDesc:   
   FileVer:    4.6.0.47091
   ProdVer:    4.6.0.47091

Module 2
C:\Windows\system32\nvspcap.dll
Image Base: 0x10000000  Image Size: 0x0021c000
File Size:  2210040     File Time:  2015-04-08_192130
Version:
   Company:    NVIDIA Corporation
   Product:    NVIDIA GeForce Experience
   FileDesc:   NVIDIA Capture Server Proxy
   FileVer:    16.18.9.0
   ProdVer:    16.18.9.0

Module 3
C:\Program Files (x86)\NVIDIA Corporation\CoProcManager\detoured.dll
Image Base: 0x0f000000  Image Size: 0x00006000
File Size:  10952       File Time:  2015-04-08_192102
Version:
   Company:    
   Product:    
   FileDesc:   
   FileVer:    0.0.0.0
   ProdVer:    0.0.0.0

Module 4
C:\Users\joon\Documents\GitHub\Matrix\MainUI\test6_Data\Mono\mono.dll
Image Base: 0x10000000  Image Size: 0x0022f000
File Size:  2101760     File Time:  2014-11-19_013104
Version:
   Company:    
   Product:    
   FileDesc:   
   FileVer:    0.0.0.0
   ProdVer:    0.0.0.0

Module 5
C:\Windows\system32\nvapi.dll
Image Base: 0x67230000  Image Size: 0x002e2000
File Size:  2876688     File Time:  2015-04-08_192058
Version:
   Company:    NVIDIA Corporation
   Product:    NVIDIA Windows drivers
   FileDesc:   NVIDIA NVAPI Library, Version 345.05 
   FileVer:    9.18.13.4505
   ProdVer:    9.18.13.4505

Module 6
C:\Users\joon\Documents\GitHub\Matrix\MainUI\Leap.dll
Image Base: 0x67520000  Image Size: 0x0011a000
File Size:  1138512     File Time:  2015-05-19_193706
Version:
   Company:    Leap Motion
   Product:    Leap Motion API
   FileDesc:   Leap Motion API
   FileVer:    2.2.1.0
   ProdVer:    2.2.1.0

Module 7
C:\Users\joon\Documents\GitHub\Matrix\MainUI\LeapCSharp.DLL
Image Base: 0x67640000  Image Size: 0x00023000
File Size:  132944      File Time:  2015-05-19_193706
Version:
   Company:    Leap Motion
   Product:    Leap Motion API
   FileDesc:   Leap Motion API
   FileVer:    2.2.1.0
   ProdVer:    2.2.1.0

Module 8
C:\Windows\system32\igdusc32.dll
Image Base: 0x67670000  Image Size: 0x00875000
File Size:  4679768     File Time:  2015-04-08_192038
Version:
   Company:    Intel Corporation
   Product:    Intel HD Graphics Drivers for Windows 8(R)
   FileDesc:   Unified Shader Compiler for Intel(R) Graphics Accelerator
   FileVer:    10.18.10.4013
   ProdVer:    10.18.10.4013

Module 9
C:\Windows\system32\d3d10_1core.dll
Image Base: 0x67ef0000  Image Size: 0x00041000
File Size:  249856      File Time:  2015-04-08_193238
Version:
   Company:    Microsoft Corporation
   Product:    Microsoft® Windows® Operating System
   FileDesc:   Direct3D 10.1 Runtime
   FileVer:    6.2.9200.16492
   ProdVer:    6.2.9200.16492

Module 10
C:\Windows\system32\igd10iumd32.dll
Image Base: 0x67f40000  Image Size: 0x006c4000
File Size:  7080680     File Time:  2015-04-08_192036
Version:
   Company:    Intel Corporation
   Product:    Intel HD Graphics Drivers for Windows 8(R)
   FileDesc:   User Mode Driver for Intel(R) Graphics Technology
   FileVer:    10.18.10.4013
   ProdVer:    10.18.10.4013

Module 11
C:\Windows\system32\nvwgf2um.dll
Image Base: 0x68610000  Image Size: 0x0119c000
File Size:  18517688    File Time:  2015-04-08_192106
Version:
   Company:    NVIDIA Corporation
   Product:    NVIDIA D3D10 drivers
   FileDesc:   NVIDIA D3D10 Driver, Version 345.05 
   FileVer:    9.18.13.4505
   ProdVer:    9.18.13.4505

Module 12
C:\Windows\system32\nvumdshim.dll
Image Base: 0x697b0000  Image Size: 0x000dd000
File Size:  872856      File Time:  2015-04-08_192106
Version:
   Company:    NVIDIA Corporation
   Product:    NVIDIA D3D shim drivers
   FileDesc:   NVIDIA D3D Shim Driver, Version 345.05 
   FileVer:    9.18.13.4505
   ProdVer:    9.18.13.4505

Module 13
C:\Users\joon\Documents\GitHub\Matrix\MainUI\test6_Data\Plugins\OculusPlugin.DLL
Image Base: 0x69890000  Image Size: 0x000a9000
File Size:  667136      File Time:  2015-05-19_193650
Version:
   Company:    
   Product:    
   FileDesc:   
   FileVer:    0.0.0.0
   ProdVer:    0.0.0.0

Module 14
C:\Windows\system32\d3d10_1.dll
Image Base: 0x69a90000  Image Size: 0x0002c000
File Size:  161792      File Time:  2015-04-08_193238
Version:
   Company:    Microsoft Corporation
   Product:    Microsoft® Windows® Operating System
   FileDesc:   Direct3D 10.1 Runtime
   FileVer:    6.2.9200.16492
   ProdVer:    6.2.9200.16492

Module 15
C:\Windows\system32\ime\shared\imjkapi.dll
Image Base: 0x69ba0000  Image Size: 0x00023000
File Size:  126976      File Time:  2009-07-14_101536
Version:
   Company:    Microsoft Corporation
   Product:    Microsoft® Windows® Operating System
   FileDesc:   Microsoft IME
   FileVer:    10.1.7600.16385
   ProdVer:    10.1.7600.16385

Module 16
C:\Windows\system32\ime\imekr8\imkrapi.dll
Image Base: 0x69bd0000  Image Size: 0x00020000
File Size:  113664      File Time:  2009-07-14_101538
Version:
   Company:    Microsoft Corporation
   Product:    Microsoft® Windows® Operating System
   FileDesc:   Microsoft® Korean IME
   FileVer:    8.1.7600.16385
   ProdVer:    8.1.7600.16385

Module 17
C:\Windows\system32\ime\shared\imetip.dll
Image Base: 0x69bf0000  Image Size: 0x0005e000
File Size:  374272      File Time:  2010-11-21_122430
Version:
   Company:    Microsoft Corporation
   Product:    Microsoft® Windows® Operating System
   FileDesc:   Microsoft IME
   FileVer:    10.1.7601.17514
   ProdVer:    10.1.7601.17514

Module 18
C:\Windows\system32\ime\imekr8\imkrtip.dll
Image Base: 0x69c50000  Image Size: 0x0008c000
File Size:  562176      File Time:  2009-07-14_101538
Version:
   Company:    Microsoft Corporation
   Product:    Microsoft® Windows® Operating System
   FileDesc:   Microsoft® Korean IME
   FileVer:    8.1.7600.16385
   ProdVer:    8.1.7600.16385

Module 19
C:\Windows\system32\OVRDisplayRT32.dll
Image Base: 0x6a440000  Image Size: 0x00017000
File Size:  77824       File Time:  2015-03-26_125908
Version:
   Company:    Oculus VR, LLC
   Product:    Oculus Display Driver
   FileDesc:   Oculus Display Driver
   FileVer:    1.2.4.0
   ProdVer:    1.2.4.0

Module 20
C:\Windows\system32\d3d10.dll
Image Base: 0x6a460000  Image Size: 0x0010f000
File Size:  1080832     File Time:  2015-04-08_193238
Version:
   Company:    Microsoft Corporation
   Product:    Microsoft® Windows® Operating System
   FileDesc:   Direct3D 10 Runtime
   FileVer:    6.2.9200.16492
   ProdVer:    6.2.9200.16492

Module 21
C:\Windows\system32\d3d10core.dll
Image Base: 0x6d230000  Image Size: 0x0003a000
File Size:  220160      File Time:  2015-04-08_193238
Version:
   Company:    Microsoft Corporation
   Product:    Microsoft® Windows® Operating System
   FileDesc:   Direct3D 10 Runtime
   FileVer:    6.2.9200.16492
   ProdVer:    6.2.9200.16492

Module 22
C:\Windows\system32\dbghelp.dll
Image Base: 0x6d890000  Image Size: 0x000eb000
File Size:  854016      File Time:  2010-11-21_122410
Version:
   Company:    Microsoft Corporation
   Product:    Microsoft® Windows® Operating System
   FileDesc:   Windows Image Helper
   FileVer:    6.1.7601.17514
   ProdVer:    6.1.7601.17514

Module 23
C:\Windows\system32\MSVCR120.dll
Image Base: 0x6d980000  Image Size: 0x000ee000
File Size:  970912      File Time:  2013-10-05_023822
Version:
   Company:    Microsoft Corporation
   Product:    Microsoft® Visual Studio® 2013
   FileDesc:   Microsoft® C Runtime Library
   FileVer:    12.0.21005.1
   ProdVer:    12.0.21005.1

Module 24
C:\Windows\system32\MSVCP120.dll
Image Base: 0x6da70000  Image Size: 0x00071000
File Size:  455328      File Time:  2013-10-05_023822
Version:
   Company:    Microsoft Corporation
   Product:    Microsoft® Visual Studio® 2013
   FileDesc:   Microsoft® C Runtime Library
   FileVer:    12.0.21005.1
   ProdVer:    12.0.21005.1

Module 25
C:\Windows\system32\OVRDisplay32.dll
Image Base: 0x6e740000  Image Size: 0x00012000
File Size:  64512       File Time:  2015-03-26_125902
Version:
   Company:    Oculus VR, LLC
   Product:    Oculus Display Driver
   FileDesc:   Oculus Display Driver
   FileVer:    1.2.4.0
   ProdVer:    1.2.4.0

Module 26
C:\Windows\system32\HID.DLL
Image Base: 0x6e760000  Image Size: 0x00009000
File Size:  22016       File Time:  2009-07-14_101526
Version:
   Company:    Microsoft Corporation
   Product:    Microsoft® Windows® Operating System
   FileDesc:   HID 사용자 라이브러리
   FileVer:    6.1.7600.16385
   ProdVer:    6.1.7600.16385

Module 27
C:\Windows\system32\GLU32.dll
Image Base: 0x6e800000  Image Size: 0x00022000
File Size:  130048      File Time:  2009-07-14_101524
Version:
   Company:    Microsoft Corporation
   Product:    Microsoft® Windows® Operating System
   FileDesc:   OpenGL Utility Library DLL
   FileVer:    6.1.7600.16385
   ProdVer:    6.1.7600.16385

Module 28
C:\Windows\system32\OPENGL32.dll
Image Base: 0x6e830000  Image Size: 0x000c8000
File Size:  791552      File Time:  2009-07-14_101614
Version:
   Company:    Microsoft Corporation
   Product:    Microsoft® Windows® Operating System
   FileDesc:   OpenGL Client DLL
   FileVer:    6.1.7600.16385
   ProdVer:    6.1.7600.16385

Module 29
C:\Windows\system32\DCIMAN32.dll
Image Base: 0x70ea0000  Image Size: 0x00006000
File Size:  10240       File Time:  2015-02-20_131348
Version:
   Company:    Microsoft Corporation
   Product:    Microsoft® Windows® Operating System
   FileDesc:   DCI Manager
   FileVer:    6.1.7601.18768
   ProdVer:    6.1.7601.18768

Module 30
C:\Windows\system32\DDRAW.dll
Image Base: 0x70eb0000  Image Size: 0x000e7000
File Size:  531968      File Time:  2009-07-14_101512
Version:
   Company:    Microsoft Corporation
   Product:    Microsoft® Windows® Operating System
   FileDesc:   Microsoft DirectDraw
   FileVer:    6.1.7600.16385
   ProdVer:    6.1.7600.16385

Module 31
C:\Windows\system32\d3d8thk.dll
Image Base: 0x70fa0000  Image Size: 0x00006000
File Size:  11264       File Time:  2009-07-14_101510
Version:
   Company:    Microsoft Corporation
   Product:    Microsoft® Windows® Operating System
   FileDesc:   Microsoft Direct3D OS Thunk Layer
   FileVer:    6.1.7600.16385
   ProdVer:    6.1.7600.16385

Module 32
C:\Windows\system32\d3d9.dll
Image Base: 0x70fb0000  Image Size: 0x001c3000
File Size:  1828352     File Time:  2010-11-21_122424
Version:
   Company:    Microsoft Corporation
   Product:    Microsoft® Windows® Operating System
   FileDesc:   Direct3D 9 Runtime
   FileVer:    6.1.7601.17514
   ProdVer:    6.1.7601.17514

Module 33
C:\Windows\system32\dxgi.dll
Image Base: 0x71180000  Image Size: 0x0004c000
File Size:  293376      File Time:  2015-04-08_193238
Version:
   Company:    Microsoft Corporation
   Product:    Microsoft® Windows® Operating System
   FileDesc:   DirectX Graphics Infrastructure
   FileVer:    6.2.9200.16492
   ProdVer:    6.2.9200.16492

Module 34
C:\Windows\system32\d3d11.dll
Image Base: 0x711d0000  Image Size: 0x00175000
File Size:  1505280     File Time:  2015-04-08_193224
Version:
   Company:    Microsoft Corporation
   Product:    Microsoft® Windows® Operating System
   FileDesc:   Direct3D 11 Runtime
   FileVer:    6.2.9200.16570
   ProdVer:    6.2.9200.16570

Module 35
C:\Program Files (x86)\NVIDIA Corporation\CoProcManager\nvdxgiwrap.dll
Image Base: 0x71360000  Image Size: 0x0001f000
File Size:  108608      File Time:  2015-04-08_192102
Version:
   Company:    NVIDIA Corporation
   Product:    NVIDIA D3D shim drivers
   FileDesc:   NVIDIA dxgiwrap dll, Version 345.05 
   FileVer:    9.18.13.4505
   ProdVer:    9.18.13.4505

Module 36
C:\Program Files (x86)\NVIDIA Corporation\CoProcManager\nvd3d9wrap.dll
Image Base: 0x71380000  Image Size: 0x0002b000
File Size:  159400      File Time:  2015-04-08_192102
Version:
   Company:    NVIDIA Corporation
   Product:    NVIDIA D3D shim drivers
   FileDesc:   NVIDIA d3d9wrap dll, Version 345.05 
   FileVer:    9.18.13.4505
   ProdVer:    9.18.13.4505

Module 37
C:\Windows\system32\credssp.dll
Image Base: 0x71690000  Image Size: 0x00008000
File Size:  17408       File Time:  2015-04-04_120524
Version:
   Company:    Microsoft Corporation
   Product:    Microsoft® Windows® Operating System
   FileDesc:   Credential Delegation Security Package
   FileVer:    6.1.7601.18812
   ProdVer:    6.1.7601.18812

Module 38
C:\Windows\system32\dhcpcsvc6.DLL
Image Base: 0x716a0000  Image Size: 0x0000d000
File Size:  44032       File Time:  2012-10-10_024032
Version:
   Company:    Microsoft Corporation
   Product:    Microsoft® Windows® Operating System
   FileDesc:   DHCPv6 클라이언트
   FileVer:    6.1.7601.17970
   ProdVer:    6.1.7601.17970

Module 39
C:\Windows\System32\wship6.dll
Image Base: 0x718d0000  Image Size: 0x00006000
File Size:  10752       File Time:  2009-07-14_101622
Version:
   Company:    Microsoft Corporation
   Product:    Microsoft® Windows® Operating System
   FileDesc:   Winsock2 도우미 DLL(TL/IPv6)
   FileVer:    6.1.7600.16385
   ProdVer:    6.1.7600.16385

Module 40
C:\Windows\system32\dhcpcsvc.DLL
Image Base: 0x71a90000  Image Size: 0x00012000
File Size:  61952       File Time:  2009-07-14_101512
Version:
   Company:    Microsoft Corporation
   Product:    Microsoft® Windows® Operating System
   FileDesc:   DHCP 클라이언트 서비스
   FileVer:    6.1.7600.16385
   ProdVer:    6.1.7600.16385

Module 41
C:\Windows\SysWOW64\bcryptprimitives.dll
Image Base: 0x71ad0000  Image Size: 0x0003d000
File Size:  249680      File Time:  2009-07-14_101756
Version:
   Company:    Microsoft Corporation
   Product:    Microsoft® Windows® Operating System
   FileDesc:   Windows Cryptographic Primitives Library
   FileVer:    6.1.7600.16385
   ProdVer:    6.1.7600.16385

Module 42
C:\Windows\system32\bcrypt.dll
Image Base: 0x71b10000  Image Size: 0x00017000
File Size:  80896       File Time:  2009-07-14_101122
Version:
   Company:    Microsoft Corporation
   Product:    Microsoft® Windows® Operating System
   FileDesc:   Windows Cryptographic Primitives Library (Wow64)
   FileVer:    6.1.7600.16385
   ProdVer:    6.1.7600.16385

Module 43
C:\Windows\system32\ncrypt.dll
Image Base: 0x71b30000  Image Size: 0x00038000
File Size:  221184      File Time:  2015-04-04_120536
Version:
   Company:    Microsoft Corporation
   Product:    Microsoft® Windows® Operating System
   FileDesc:   Windows 암호화 라이브러리
   FileVer:    6.1.7601.18812
   ProdVer:    6.1.7601.18812

Module 44
C:\Windows\system32\dwmapi.dll
Image Base: 0x71b80000  Image Size: 0x00013000
File Size:  67072       File Time:  2009-07-14_101514
Version:
   Company:    Microsoft Corporation
   Product:    Microsoft® Windows® Operating System
   FileDesc:   Microsoft 바탕 화면 창 관리자 API
   FileVer:    6.1.7600.16385
   ProdVer:    6.1.7600.16385

Module 45
C:\Windows\system32\uxtheme.dll
Image Base: 0x71ba0000  Image Size: 0x00080000
File Size:  245760      File Time:  2009-07-14_101126
Version:
   Company:    Microsoft Corporation
   Product:    Microsoft® Windows® Operating System
   FileDesc:   Microsoft UxTheme 라이브러리
   FileVer:    6.1.7600.16385
   ProdVer:    6.1.7600.16385

Module 46
C:\Windows\system32\WINMM.dll
Image Base: 0x71c20000  Image Size: 0x00032000
File Size:  194048      File Time:  2010-11-21_122418
Version:
   Company:    Microsoft Corporation
   Product:    Microsoft® Windows® Operating System
   FileDesc:   MCI API DLL
   FileVer:    6.1.7601.17514
   ProdVer:    6.1.7601.17514

Module 47
C:\Windows\system32\DNSAPI.dll
Image Base: 0x71e90000  Image Size: 0x00044000
File Size:  270336      File Time:  2011-03-03_143802
Version:
   Company:    Microsoft Corporation
   Product:    Microsoft® Windows® Operating System
   FileDesc:   DNS 클라이언트 API DLL
   FileVer:    6.1.7601.17570
   ProdVer:    6.1.7601.17570

Module 48
C:\Windows\system32\PROPSYS.dll
Image Base: 0x72080000  Image Size: 0x000f5000
File Size:  988160      File Time:  2010-11-21_122410
Version:
   Company:    Microsoft Corporation
   Product:    Windows® Search
   FileDesc:   Microsoft 속성 시스템
   FileVer:    7.0.7601.17514
   ProdVer:    7.0.7601.17514

Module 49
C:\Windows\WinSxS\x86_microsoft.windows.common-controls_6595b64144ccf1df_6.0.7601.18807_none_41e554362bd82458\COMCTL32.dll
Image Base: 0x72180000  Image Size: 0x0019e000
File Size:  1680896     File Time:  2015-03-30_120222
Version:
   Company:    Microsoft Corporation
   Product:    Microsoft® Windows® Operating System
   FileDesc:   User Experience Controls Library
   FileVer:    6.10.7601.18807
   ProdVer:    6.1.7601.18807

Module 50
C:\Windows\system32\rasadhlp.dll
Image Base: 0x72320000  Image Size: 0x00006000
File Size:  11776       File Time:  2009-07-14_101614
Version:
   Company:    Microsoft Corporation
   Product:    Microsoft® Windows® Operating System
   FileDesc:   Remote Access AutoDial Helper
   FileVer:    6.1.7600.16385
   ProdVer:    6.1.7600.16385

Module 51
C:\Windows\system32\VERSION.dll
Image Base: 0x72380000  Image Size: 0x00009000
File Size:  21504       File Time:  2009-07-14_101618
Version:
   Company:    Microsoft Corporation
   Product:    Microsoft® Windows® Operating System
   FileDesc:   Version Checking and File Installation Libraries
   FileVer:    6.1.7600.16385
   ProdVer:    6.1.7600.16385

Module 52
C:\Windows\System32\wshtcpip.dll
Image Base: 0x72a80000  Image Size: 0x00005000
File Size:  9216        File Time:  2009-07-14_101622
Version:
   Company:    Microsoft Corporation
   Product:    Microsoft® Windows® Operating System
   FileDesc:   Winsock2 도우미 DLL(TL/IPv4)
   FileVer:    6.1.7600.16385
   ProdVer:    6.1.7600.16385

Module 53
C:\Windows\system32\ntmarta.dll
Image Base: 0x72a90000  Image Size: 0x00021000
File Size:  121856      File Time:  2009-07-14_101612
Version:
   Company:    Microsoft Corporation
   Product:    Microsoft® Windows® Operating System
   FileDesc:   Windows NT MARTA 공급자
   FileVer:    6.1.7600.16385
   ProdVer:    6.1.7600.16385

Module 54
C:\Windows\system32\MSWSOCK.dll
Image Base: 0x72ac0000  Image Size: 0x0003c000
File Size:  231424      File Time:  2015-04-08_193320
Version:
   Company:    Microsoft Corporation
   Product:    Microsoft® Windows® Operating System
   FileDesc:   Microsoft Windows 소켓 2.0 서비스 공급자
   FileVer:    6.1.7601.18254
   ProdVer:    6.1.7601.18254

Module 55
C:\Windows\system32\webio.dll
Image Base: 0x72b30000  Image Size: 0x0004f000
File Size:  314880      File Time:  2011-11-17_143504
Version:
   Company:    Microsoft Corporation
   Product:    Microsoft® Windows® Operating System
   FileDesc:   웹 전송 프로토콜 API
   FileVer:    6.1.7601.17725
   ProdVer:    6.1.7601.17725

Module 56
C:\Windows\system32\WINHTTP.dll
Image Base: 0x72b80000  Image Size: 0x00058000
File Size:  351232      File Time:  2010-11-21_122410
Version:
   Company:    Microsoft Corporation
   Product:    Microsoft® Windows® Operating System
   FileDesc:   Windows HTTP Services
   FileVer:    6.1.7601.17514
   ProdVer:    6.1.7601.17514

Module 57
C:\Windows\system32\WINNSI.DLL
Image Base: 0x72d60000  Image Size: 0x00007000
File Size:  16896       File Time:  2009-07-14_101620
Version:
   Company:    Microsoft Corporation
   Product:    Microsoft® Windows® Operating System
   FileDesc:   Network Store Information RPC interface
   FileVer:    6.1.7600.16385
   ProdVer:    6.1.7600.16385

Module 58
C:\Windows\system32\IPHLPAPI.DLL
Image Base: 0x72d70000  Image Size: 0x0001c000
File Size:  103936      File Time:  2010-11-21_122434
Version:
   Company:    Microsoft Corporation
   Product:    Microsoft® Windows® Operating System
   FileDesc:   IP Helper API
   FileVer:    6.1.7601.17514
   ProdVer:    6.1.7601.17514

Module 59
C:\Windows\system32\midimap.dll
Image Base: 0x72fc0000  Image Size: 0x00007000
File Size:  16896       File Time:  2009-07-14_101542
Version:
   Company:    Microsoft Corporation
   Product:    Microsoft® Windows® Operating System
   FileDesc:   Microsoft MIDI Mapper
   FileVer:    6.1.7600.16385
   ProdVer:    6.1.7600.16385

Module 60
C:\Windows\system32\MSACM32.dll
Image Base: 0x72fd0000  Image Size: 0x00014000
File Size:  72192       File Time:  2009-07-14_101544
Version:
   Company:    Microsoft Corporation
   Product:    Microsoft® Windows® Operating System
   FileDesc:   Microsoft ACM 오디오 필터
   FileVer:    6.1.7600.16385
   ProdVer:    6.1.7600.16385

Module 61
C:\Windows\system32\msacm32.drv
Image Base: 0x72ff0000  Image Size: 0x00008000
File Size:  20992       File Time:  2009-07-14_101410
Version:
   Company:    Microsoft Corporation
   Product:    Microsoft® Windows® Operating System
   FileDesc:   Microsoft 사운드 매퍼
   FileVer:    6.1.7600.16385
   ProdVer:    6.1.7600.16385

Module 62
C:\Windows\system32\AUDIOSES.DLL
Image Base: 0x73000000  Image Size: 0x00036000
File Size:  195584      File Time:  2015-02-03_121214
Version:
   Company:    Microsoft Corporation
   Product:    Microsoft® Windows® Operating System
   FileDesc:   Audio Session
   FileVer:    6.1.7601.18741
   ProdVer:    6.1.7601.18741

Module 63
C:\Windows\system32\AVRT.dll
Image Base: 0x73040000  Image Size: 0x00007000
File Size:  14336       File Time:  2009-07-14_101500
Version:
   Company:    Microsoft Corporation
   Product:    Microsoft® Windows® Operating System
   FileDesc:   Multimedia Realtime Runtime
   FileVer:    6.1.7600.16385
   ProdVer:    6.1.7600.16385

Module 64
C:\Windows\system32\ksuser.dll
Image Base: 0x73050000  Image Size: 0x00004000
File Size:  4608        File Time:  2009-07-14_101536
Version:
   Company:    Microsoft Corporation
   Product:    Microsoft® Windows® Operating System
   FileDesc:   User CSA Library
   FileVer:    6.1.7600.16385
   ProdVer:    6.1.7600.16385

Module 65
C:\Windows\system32\wdmaud.drv
Image Base: 0x73060000  Image Size: 0x00030000
File Size:  172032      File Time:  2010-11-21_122402
Version:
   Company:    Microsoft Corporation
   Product:    Microsoft® Windows® Operating System
   FileDesc:   Winmm 오디오 시스템 드라이버
   FileVer:    6.1.7601.17514
   ProdVer:    6.1.7601.17514

Module 66
C:\Windows\system32\POWRPROF.dll
Image Base: 0x73090000  Image Size: 0x00025000
File Size:  145408      File Time:  2009-07-14_101614
Version:
   Company:    Microsoft Corporation
   Product:    Microsoft® Windows® Operating System
   FileDesc:   전원 프로필 도우미 DLL
   FileVer:    6.1.7600.16385
   ProdVer:    6.1.7600.16385

Module 67
C:\Windows\system32\dsound.dll
Image Base: 0x730c0000  Image Size: 0x00072000
File Size:  453632      File Time:  2009-07-14_101514
Version:
   Company:    Microsoft Corporation
   Product:    Microsoft® Windows® Operating System
   FileDesc:   DirectSound
   FileVer:    6.1.7600.16385
   ProdVer:    6.1.7600.16385

Module 68
C:\Windows\system32\MMDevAPI.DLL
Image Base: 0x73140000  Image Size: 0x00039000
File Size:  213504      File Time:  2010-11-21_122352
Version:
   Company:    Microsoft Corporation
   Product:    Microsoft® Windows® Operating System
   FileDesc:   MMDevice API
   FileVer:    6.1.7601.17514
   ProdVer:    6.1.7601.17514

Module 69
C:\Windows\SysWOW64\nvinit.dll
Image Base: 0x74db0000  Image Size: 0x0002c000
File Size:  157024      File Time:  2015-04-08_192102
Version:
   Company:    NVIDIA Corporation
   Product:    NVIDIA D3D shim drivers
   FileDesc:   NVIDIA shim initialization dll, Version 345.05 
   FileVer:    9.18.13.4505
   ProdVer:    9.18.13.4505

Module 70
C:\Windows\syswow64\CRYPTBASE.dll
Image Base: 0x750a0000  Image Size: 0x0000c000
File Size:  36864       File Time:  2009-07-14_101508
Version:
   Company:    Microsoft Corporation
   Product:    Microsoft® Windows® Operating System
   FileDesc:   Base cryptographic API DLL
   FileVer:    6.1.7600.16385
   ProdVer:    6.1.7600.16385

Module 71
C:\Windows\syswow64\SspiCli.dll
Image Base: 0x750b0000  Image Size: 0x00060000
File Size:  96768       File Time:  2015-04-04_120404
Version:
   Company:    Microsoft Corporation
   Product:    Microsoft® Windows® Operating System
   FileDesc:   Security Support Provider Interface
   FileVer:    6.1.7601.18812
   ProdVer:    6.1.7601.18812

Module 72
C:\Windows\syswow64\WS2_32.dll
Image Base: 0x75110000  Image Size: 0x00035000
File Size:  206848      File Time:  2010-11-21_122356
Version:
   Company:    Microsoft Corporation
   Product:    Microsoft® Windows® Operating System
   FileDesc:   Windows 소켓 2.0 32비트 DLL
   FileVer:    6.1.7601.17514
   ProdVer:    6.1.7601.17514

Module 73
C:\Windows\syswow64\WLDAP32.dll
Image Base: 0x75150000  Image Size: 0x00045000
File Size:  269824      File Time:  2010-11-21_122418
Version:
   Company:    Microsoft Corporation
   Product:    Microsoft® Windows® Operating System
   FileDesc:   Win32 LDAP API DLL
   FileVer:    6.1.7601.17514
   ProdVer:    6.1.7601.17514

Module 74
C:\Windows\syswow64\CLBCatQ.DLL
Image Base: 0x75210000  Image Size: 0x00083000
File Size:  522240      File Time:  2009-07-14_101504
Version:
   Company:    Microsoft Corporation
   Product:    Microsoft® Windows® Operating System
   FileDesc:   COM+ Configuration Catalog
   FileVer:    2001.12.8530.16385
   ProdVer:    6.1.7600.16385

Module 75
C:\Windows\syswow64\DEVOBJ.dll
Image Base: 0x752a0000  Image Size: 0x00012000
File Size:  64512       File Time:  2011-05-24_194006
Version:
   Company:    Microsoft Corporation
   Product:    Microsoft® Windows® Operating System
   FileDesc:   Device Information Set DLL
   FileVer:    6.1.7601.17621
   ProdVer:    6.1.7601.17621

Module 76
C:\Windows\syswow64\GDI32.dll
Image Base: 0x752c0000  Image Size: 0x00090000
File Size:  311808      File Time:  2015-03-05_130508
Version:
   Company:    Microsoft Corporation
   Product:    Microsoft® Windows® Operating System
   FileDesc:   GDI Client DLL
   FileVer:    6.1.7601.18778
   ProdVer:    6.1.7601.18778

Module 77
C:\Windows\syswow64\USP10.dll
Image Base: 0x75350000  Image Size: 0x0009d000
File Size:  626688      File Time:  2014-04-25_110618
Version:
   Company:    Microsoft Corporation
   Product:    Microsoft(R) Uniscribe Unicode script processor
   FileDesc:   Uniscribe Unicode script processor
   FileVer:    1.626.7601.18454
   ProdVer:    1.626.7601.18454

Module 78
C:\Windows\syswow64\CFGMGR32.dll
Image Base: 0x753f0000  Image Size: 0x00027000
File Size:  145920      File Time:  2011-05-24_193940
Version:
   Company:    Microsoft Corporation
   Product:    Microsoft® Windows® Operating System
   FileDesc:   Configuration Manager DLL
   FileVer:    6.1.7601.17621
   ProdVer:    6.1.7601.17621

Module 79
C:\Windows\syswow64\PSAPI.DLL
Image Base: 0x75430000  Image Size: 0x00005000
File Size:  6144        File Time:  2009-07-14_101614
Version:
   Company:    Microsoft Corporation
   Product:    Microsoft® Windows® Operating System
   FileDesc:   Process Status Helper
   FileVer:    6.1.7600.16385
   ProdVer:    6.1.7600.16385

Module 80
C:\Windows\syswow64\MSCTF.dll
Image Base: 0x75490000  Image Size: 0x000cc000
File Size:  828928      File Time:  2015-01-17_113044
Version:
   Company:    Microsoft Corporation
   Product:    Microsoft® Windows® Operating System
   FileDesc:   MSCTF Server DLL
   FileVer:    6.1.7601.18731
   ProdVer:    6.1.7601.18731

Module 81
C:\Windows\syswow64\IMM32.dll
Image Base: 0x75560000  Image Size: 0x00060000
File Size:  119808      File Time:  2010-11-21_122426
Version:
   Company:    Microsoft Corporation
   Product:    Microsoft® Windows® Operating System
   FileDesc:   Multi-User Windows IMM32 API Client DLL
   FileVer:    6.1.7601.17514
   ProdVer:    6.1.7601.17514

Module 82
C:\Windows\syswow64\WINTRUST.dll
Image Base: 0x75710000  Image Size: 0x0002f000
File Size:  179200      File Time:  2015-02-03_121250
Version:
   Company:    Microsoft Corporation
   Product:    Microsoft® Windows® Operating System
   FileDesc:   Microsoft Trust Verification APIs
   FileVer:    6.1.7601.18741
   ProdVer:    6.1.7601.18741

Module 83
C:\Windows\syswow64\LPK.dll
Image Base: 0x75750000  Image Size: 0x0000a000
File Size:  25600       File Time:  2015-02-20_131252
Version:
   Company:    Microsoft Corporation
   Product:    Microsoft® Windows® Operating System
   FileDesc:   Language Pack
   FileVer:    6.1.7601.18768
   ProdVer:    6.1.7601.18768

Module 84
C:\Windows\syswow64\CRYPT32.dll
Image Base: 0x75780000  Image Size: 0x00121000
File Size:  1174528     File Time:  2015-02-03_121216
Version:
   Company:    Microsoft Corporation
   Product:    Microsoft® Windows® Operating System
   FileDesc:   Crypto API32
   FileVer:    6.1.7601.18741
   ProdVer:    6.1.7601.18741

Module 85
C:\Windows\syswow64\ADVAPI32.dll
Image Base: 0x758b0000  Image Size: 0x000a0000
File Size:  640512      File Time:  2015-04-08_193330
Version:
   Company:    Microsoft Corporation
   Product:    Microsoft® Windows® Operating System
   FileDesc:   고급 Windows 32 기반 API
   FileVer:    6.1.7601.18247
   ProdVer:    6.1.7601.18247

Module 86
C:\Windows\syswow64\NSI.dll
Image Base: 0x75950000  Image Size: 0x00006000
File Size:  8704        File Time:  2009-07-14_101612
Version:
   Company:    Microsoft Corporation
   Product:    Microsoft® Windows® Operating System
   FileDesc:   NSI User-mode interface DLL
   FileVer:    6.1.7600.16385
   ProdVer:    6.1.7600.16385

Module 87
C:\Windows\syswow64\OLEAUT32.dll
Image Base: 0x75960000  Image Size: 0x0008f000
File Size:  571904      File Time:  2014-11-26_123206
Version:
   Company:    Microsoft Corporation
   Product:    
   FileDesc:   
   FileVer:    6.1.7601.18679
   ProdVer:    6.1.7601.18679

Module 88
C:\Windows\syswow64\MSASN1.dll
Image Base: 0x759f0000  Image Size: 0x0000c000
File Size:  34304       File Time:  2010-11-21_122350
Version:
   Company:    Microsoft Corporation
   Product:    Microsoft® Windows® Operating System
   FileDesc:   ASN.1 Runtime APIs
   FileVer:    6.1.7601.17514
   ProdVer:    6.1.7601.17514

Module 89
C:\Windows\syswow64\RPCRT4.dll
Image Base: 0x75c40000  Image Size: 0x000f0000
File Size:  664064      File Time:  2014-07-14_104100
Version:
   Company:    Microsoft Corporation
   Product:    Microsoft® Windows® Operating System
   FileDesc:   원격 프로시저 호출 런타임
   FileVer:    6.1.7601.18532
   ProdVer:    6.1.7601.18532

Module 90
C:\Windows\syswow64\kernel32.dll
Image Base: 0x75fb0000  Image Size: 0x00110000
File Size:  1114112     File Time:  2015-03-17_135602
Version:
   Company:    Microsoft Corporation
   Product:    Microsoft® Windows® Operating System
   FileDesc:   Windows NT 기반 API 클라이언트 DLL
   FileVer:    6.1.7601.18798
   ProdVer:    6.1.7601.18798

Module 91
C:\Windows\syswow64\msvcrt.dll
Image Base: 0x760c0000  Image Size: 0x000ac000
File Size:  690688      File Time:  2011-12-16_165300
Version:
   Company:    Microsoft Corporation
   Product:    Microsoft® Windows® Operating System
   FileDesc:   Windows NT CRT DLL
   FileVer:    7.0.7601.17744
   ProdVer:    6.1.8638.17744

Module 92
C:\Windows\syswow64\SHLWAPI.dll
Image Base: 0x76180000  Image Size: 0x00057000
File Size:  350208      File Time:  2010-11-21_122350
Version:
   Company:    Microsoft Corporation
   Product:    Microsoft® Windows® Operating System
   FileDesc:   셸 표준 이하 유틸리티 라이브러리
   FileVer:    6.1.7601.17514
   ProdVer:    6.1.7601.17514

Module 93
C:\Windows\syswow64\USER32.dll
Image Base: 0x76260000  Image Size: 0x00100000
File Size:  833024      File Time:  2015-03-31_222000
Version:
   Company:    Microsoft Corporation
   Product:    Microsoft® Windows® Operating System
   FileDesc:   다중 사용자 Windows 사용자 API 클라이언트 DLL
   FileVer:    6.1.7601.17514
   ProdVer:    6.1.7601.17514

Module 94
C:\Windows\SysWOW64\sechost.dll
Image Base: 0x76360000  Image Size: 0x00019000
File Size:  92160       File Time:  2009-07-14_101614
Version:
   Company:    Microsoft Corporation
   Product:    Microsoft® Windows® Operating System
   FileDesc:   Host for SCM/SDDL/LSA Lookup APIs
   FileVer:    6.1.7600.16385
   ProdVer:    6.1.7600.16385

Module 95
C:\Windows\syswow64\ole32.dll
Image Base: 0x76380000  Image Size: 0x0015c000
File Size:  1414144     File Time:  2010-11-21_122402
Version:
   Company:    Microsoft Corporation
   Product:    Microsoft® Windows® Operating System
   FileDesc:   Windows용 Microsoft OLE
   FileVer:    6.1.7601.17514
   ProdVer:    6.1.7601.17514

Module 96
C:\Windows\syswow64\SETUPAPI.dll
Image Base: 0x764e0000  Image Size: 0x0019d000
File Size:  1667584     File Time:  2010-11-21_122352
Version:
   Company:    Microsoft Corporation
   Product:    Microsoft® Windows® Operating System
   FileDesc:   Windows 설치 API
   FileVer:    6.1.7601.17514
   ProdVer:    6.1.7601.17514

Module 97
C:\Windows\syswow64\SHELL32.dll
Image Base: 0x76680000  Image Size: 0x00c4b000
File Size:  12875264    File Time:  2015-02-13_142620
Version:
   Company:    Microsoft Corporation
   Product:    Microsoft® Windows® Operating System
   FileDesc:   Windows 셸 공용 Dll
   FileVer:    6.1.7601.18762
   ProdVer:    6.1.7601.18762

Module 98
C:\Windows\syswow64\KERNELBASE.dll
Image Base: 0x772d0000  Image Size: 0x00047000
File Size:  274944      File Time:  2015-03-17_135602
Version:
   Company:    Microsoft Corporation
   Product:    Microsoft® Windows® Operating System
   FileDesc:   Windows NT 기반 API 클라이언트 DLL
   FileVer:    6.1.7601.18798
   ProdVer:    6.1.7601.18798

Module 99
C:\Windows\syswow64\profapi.dll
Image Base: 0x776f0000  Image Size: 0x0000b000
File Size:  31744       File Time:  2009-07-14_101614
Version:
   Company:    Microsoft Corporation
   Product:    Microsoft® Windows® Operating System
   FileDesc:   User Profile Basic API
   FileVer:    6.1.7600.16385
   ProdVer:    6.1.7600.16385

Module 100
C:\Windows\SysWOW64\ntdll.dll
Image Base: 0x77720000  Image Size: 0x00180000
File Size:  1309696     File Time:  2015-03-17_135928
Version:
   Company:    Microsoft Corporation
   Product:    Microsoft® Windows® Operating System
   FileDesc:   NT 계층 DLL
   FileVer:    6.1.7601.18798
   ProdVer:    6.1.7601.18798


== [end of error.log] ==
