Unity Player [version: Unity 4.6.0f3_30840d631a27]

last1.exe caused an Access Violation (0xc0000005)
  in module last1.exe at 0023:0119d76f.

Error occurred at 2015-05-27_212324.
C:\Users\joon\Documents\GitHub\Matrix\MainUI\last1.exe, run by joon.
40% memory in use.
0 MB physical memory [0 MB free].
0 MB paging file [0 MB free].
0 MB user address space [3567 MB free].
Read from location 00000001 caused an access violation.

Context:
EDI:    0x00000000  ESI: 0x00000000  EAX:   0x00000000
EBX:    0x00000005  ECX: 0x00000000  EDX:   0xffffffd8
EIP:    0x0119d76f  EBP: 0x0022ecb0  SegCs: 0x00000023
EFlags: 0x00010246  ESP: 0x0022ec64  SegSs: 0x0000002b

Bytes at CS:EIP:
0f b6 54 b0 01 8d 0c b0 8b 45 08 88 10 0f b6 51 

Stack:
0x0022ec64: 0a0987f0 034a5128 ffffffff 100fc3af ....(QJ.........
0x0022ec74: 0022ecb8 04709720 00000008 04709728 ..". .p.....(.p.
0x0022ec84: 047098b8 00000000 00000001 0022ecc8 ..p...........".
0x0022ec94: 10106235 04709520 0022ecc8 10106268 5b.. .p...".hb..
0x0022eca4: 04709724 00000190 101b70e0 0022ecfc $.p......p....".
0x0022ecb4: 011acc91 0022ed08 2b079520 00000000 ......". ..+....
0x0022ecc4: 00000000 00000005 00000000 ffffffff ................
0x0022ecd4: 00000000 0022ecec 0022ed44 0d137ed8 ......".D."..~..
0x0022ece4: ffffffff 1007e4da 0d137ed8 488ebec2 .........~.....H
0x0022ecf4: 40017d7e 00000001 0022ed18 012ce514 ~}.@......"...,.
0x0022ed04: 0022ed44 00000000 ffffffff 00000000 D.".............
0x0022ed14: 0d137ed8 0022ed78 047098f1 0022ed44 .~..x."...p.D.".
0x0022ed24: 0a0987f0 ffffffff 00000000 0022f455 ............U.".
0x0022ed34: 04320f28 11f700d0 0022ed80 ffffffff (.2.......".....
0x0022ed44: ffffffff 0d137ed8 0022edf8 0022ed78 .....~....".x.".
0x0022ed54: 0022f454 04320f28 0d137ed8 047098c9 T.".(.2..~....p.
0x0022ed64: ffffffff ffffffff 0d137ed8 0022ed78 .........~..x.".
0x0022ed74: 047098bc 0022edf8 04709728 0022edb8 ..p...".(.p...".
0x0022ed84: 0a0987f0 ffffffff 00000000 0022f1a8 ..............".
0x0022ed94: 1007e512 00000001 0a0987f0 e0000000 ................
0x0022eda4: 3fe644eb 04709520 3f32275f 3e000000 .D.? .p._'2?...>
0x0022edb4: 400bebf2 00000000 00000000 00000000 ...@............
0x0022edc4: 00000000 12068940 0022f1a8 04708fcc ....@....."...p.
0x0022edd4: bf800000 0022f148 c016cbe4 00000000 ....H.".........
0x0022ede4: 00000000 0022edec 12068940 13d3fed8 ......".@.......
0x0022edf4: 046c4fc0 0022f1a8 04708fcc 0022f148 .Ol..."...p.H.".
0x0022ee04: 0d137ed8 bf13cd3a bf13cd3a bf13cd3a .~..:...:...:...
0x0022ee14: bf800000 bf800000 44800000 120dbfb0 ...........D....
0x0022ee24: 0000060c 13d1e8d0 13d1e8dc 13d1e8e8 ................
0x0022ee34: 0d116010 00000000 bf800000 bf800000 .`..............
0x0022ee44: bf800000 3f800000 bf800000 bf800000 .......?........
0x0022ee54: bf800000 3f800000 bf800000 3f800000 .......?.......?
0x0022ee64: 3f800000 bf800000 120dbfa8 04320000 ...?..........2.
0x0022ee74: 120e8fe0 758d14ad 04320000 00000000 .......u..2.....
0x0022ee84: 00000000 00000dea 0022ef78 00000c1d ........x.".....
0x0022ee94: 04320000 120dbfa8 0022ef78 77573417 ..2.....x."..4Ww
0x0022eea4: 77573446 770d167d 000060c0 00000000 F4Ww}..w.`......
0x0022eeb4: 04320000 04323200 7756e38c 770d1641 ..2..22...VwA..w
0x0022eec4: 00000040 04324f1c 04320000 240b0006 @....O2...2....$
0x0022eed4: 00000041 ffffff00 04323200 04323200 A........22..22.
0x0022eee4: 120dbfb0 200a0007 00000041 00000407 ....... A.......
0x0022eef4: 000007ff 04323200 0000058c 04150358 .....22.....X...
0x0022ef04: 04320000 00002000 02000002 00000000 ..2.. ..........
0x0022ef14: 0b3de7f8 04150048 04150318 120c7370 ..=.H.......ps..
0x0022ef24: 041530f0 02000002 0022eec0 043200c4 .0........"...2.
0x0022ef34: 0022fd0c 775b1985 00000501 00000201 .."...[w........
0x0022ef44: 120d8738 04320000 120da770 11fc5ed0 8.....2.p....^..
0x0022ef54: 00002000 00000000 bf800000 bf800000 . ..............
0x0022ef64: bf800000 3f800000 bf800000 bf800000 .......?........
0x0022ef74: bf800000 3f800000 bf800000 3f800000 .......?.......?
0x0022ef84: 3f800000 bf800000 04320000 04323200 ...?......2..22.
0x0022ef94: 0022f0a8 006b0137 04323200 04320000 ..".7.k..22...2.
0x0022efa4: 120d8738 00000000 04000206 00000000 8...............
0x0022efb4: 120d9748 120e2098 120b6cb8 0000ab20 H.... ...l.. ...
0x0022efc4: 04320000 00000000 00003bf8 000007ff ..2......;......
0x0022efd4: 11ea0000 120d7718 0000077f 120d7718 .....w.......w..
0x0022efe4: 04323200 00000d7f 0022f02c 775a4921 .22.....,.".!IZw
0x0022eff4: 04320000 000b0718 00000000 04320000 ..2...........2.
0x0022f004: 00000000 120b0718 00000000 e30009ea ................
0x0022f014: 04320000 120b23c8 120d7718 120899b8 ..2..#...w......
0x0022f024: 00003b00 04320000 00000000 120b0718 .;....2.........
0x0022f034: 0022f124 77573022 04320138 77572ffe $."."0Ww8.2../Ww
0x0022f044: 770d0821 00000000 04320000 120b0720 !..w......2. ...
0x0022f054: e7000dea 00000387 04150164 120e2098 ........d.... ..
0x0022f064: 041504a8 00000000 120b23c8 04323200 .........#...22.
0x0022f074: 00000000 04320000 3f800000 bf800000 ......2....?....
0x0022f084: bf800000 bf800000 bf800000 bf800000 ................
0x0022f094: 40000000 00000000 00000000 3b000000 ...@...........;
0x0022f0a4: 00000000 00000000 3f800000 3f800000 ...........?...?
0x0022f0b4: bf800000 bf800000 3f800000 bf800000 ...........?....
0x0022f0c4: 40000000 00000000 00000000 3b000000 ...@...........;
0x0022f0d4: 00000000 00000000 bf800000 bf800000 ................
0x0022f0e4: bf800000 bf800000 3f800000 bf800000 ...........?....
0x0022f0f4: bf800000 3f800000 bf800000 bf800000 .......?........
0x0022f104: bf800000 bf800000 00000000 40000000 ...............@
0x0022f114: 00000000 00000000 00000000 00000000 ................
0x0022f124: bf800000 bf800000 bf800000 bf800000 ................
0x0022f134: bf800000 bf800000 bf13cd3a bf13cd3a ........:...:...
0x0022f144: bf13cd3a 00000000 0432a158 0000000c :.......X.2.....
0x0022f154: 0022f188 100601f7 11f67730 0b393ea4 ..".....0w...>9.
0x0022f164: 00000000 00000000 00000000 00694e70 ............pNi.
0x0022f174: 0022f188 11f67730 00000000 0022f194 ..".0w........".
0x0022f184: 100092f9 0b3b5048 00694f08 00694e70 ....HP;..Oi.pNi.
0x0022f194: 0022f1f4 101e7fa0 0b39a7b8 12068940 ..".......9.@...
0x0022f1a4: 0022f37c 0022f1ec 046c5001 13d3fed8 |."..."..Pl.....
0x0022f1b4: 0022f1d4 10110738 04320000 00000000 ..".8.....2.....
0x0022f1c4: 0000000c 00000000 0432a158 00000000 ........X.2.....
0x0022f1d4: 00000000 10001d44 0000000c 11fcc190 ....D...........
0x0022f1e4: 04322ec0 12068940 0022f21c 100f0376 ..2.@.....".v...
0x0022f1f4: 13d3fed8 0022f310 0022f37c 04707910 ......".|."..yp.
0x0022f204: 00010000 00000000 11fcc190 00000000 ................
0x0022f214: 00694e70 00000000 0022f240 1005d78c pNi.....@.".....
0x0022f224: 11fcc190 13d3fed8 0022f310 0022f37c ..........".|.".
0x0022f234: 0022f37c 03476774 00000000 0022f25c |.".tgG.....\.".
0x0022f244: 01194b88 11fcc190 13d3fed8 0022f310 .K............".
0x0022f254: 0022f37c 0022f2cc 0022f298 012311b5 |."..."..."...#.
0x0022f264: 03476774 13d3fed8 0022f2e8 0022f37c tgG.......".|.".
0x0022f274: 0022f37c 0022f2cc 01aa8cf0 01aa8db0 |."...".........
0x0022f284: 00000018 01aa8cf0 00000000 0022f2bc ..............".
0x0022f294: 0022f2bc 0022f2a8 0123133e 0022f37c .."...".>.#.|.".
0x0022f2a4: 00000000 0022f2bc 01231161 0022f37c ......".a.#.|.".
0x0022f2b4: 00000001 0022f37c 0022f364 01183f9d ....|.".d."..?..
0x0022f2c4: 0022f37c 03524560 019017e8 03476774 |.".`ER.....tgG.
0x0022f2d4: 13d3fed8 00002b40 0b290a68 00220101 ....@+..h.)...".
0x0022f2e4: 00000000 00000000 00000000 00000000 ................
0x0022f2f4: 00000000 00000000 00000000 00000000 ................
0x0022f304: 00000000 00000000 00000000 00000000 ................
0x0022f314: 00000000 00000000 00000000 00000000 ................
0x0022f324: 00000000 00000000 00000000 00000000 ................
0x0022f334: 00000000 00000000 00000000 00000000 ................
0x0022f344: 00000000 00000000 00000000 00000000 ................
0x0022f354: 00000000 00000000 00000000 00000000 ................
0x0022f364: 0022f384 011841e3 0022f37c 00000001 .."..A..|.".....
0x0022f374: 03524560 00000000 00000000 0022f3f4 `ER...........".
0x0022f384: 0022f3f4 01186161 13d3c000 119b16d0 ..".aa..........
0x0022f394: 046c4fc0 047074c7 00000008 047074cf .Ol..tp......tp.
0x0022f3a4: 046c4ea0 00000000 00000001 0022f3e8 .Nl...........".
0x0022f3b4: 10106235 04707440 0022f3e8 10106268 5b..@tp...".hb..
0x0022f3c4: 047074cb fffbd9d1 101b70e0 0b393e28 .tp......p..(>9.
0x0022f3d4: 101062bc e8505108 fffbd589 11ee3c90 .b...QP......<..
0x0022f3e4: 0307df45 0022f438 119b16d0 03545164 E...8.".....dQT.
0x0022f3f4: 0022f428 0118752b 03476774 00000000 (.".+u..tgG.....
0x0022f404: 13d3fed8 13d3fed8 0022f428 1010dde7 ........(.".....
0x0022f414: 1021d5e0 0b393ea4 0022f430 1007c4a1 ..!..>9.0.".....
0x0022f424: 0000002c 0022f438 012e4702 13d3fed8 ,...8."..G......
0x0022f434: 0d137ed8 0022f478 046c4ef7 0d137ed8 .~..x."..Nl..~..
0x0022f444: 13d3fed8 046c4ea0 00000000 0022f478 .....Nl.....x.".
0x0022f454: 0022f774 04320f28 12068920 046c4ed9 t.".(.2. ....Nl.
0x0022f464: 046c4fc0 13d3c000 12068920 0022f478 .Ol..... ...x.".
0x0022f474: 046c4ecc 0022f498 046c4eb4 0d137ed8 .Nl..."..Nl..~..
0x0022f484: 13d3fed8 0022f48c 0022f4c8 12068920 ......"...". ...
0x0022f494: 13d3c000 0022f4c8 047074cf 0d137ed8 ......"..tp..~..
0x0022f4a4: 13d3fed8 00000000 13d10cc0 00694e70 ............pNi.
0x0022f4b4: 00000400 0d137ed8 0d137ed8 00000000 .....~...~......
0x0022f4c4: 0022f69c 0022f50c 046c5001 13d3c000 .."..."..Pl.....
0x0022f4d4: 0022f4f4 10110738 04320000 00000000 ..".8.....2.....
0x0022f4e4: 0000000c 00000000 0432a158 00000000 ........X.2.....
0x0022f4f4: 00000000 10001d44 0000000c 11f66cc8 ....D........l..
0x0022f504: 04322ec0 12068920 0022f53c 100f0376 ..2. ...<.".v...
0x0022f514: 13d3c000 0022f630 0022f69c 04707440 ....0."...".@tp.
0x0022f524: 00010000 00000000 11f66cc8 00000000 .........l......
0x0022f534: 00694e70 00000000 0022f560 1005d78c pNi.....`.".....
0x0022f544: 11f66cc8 13d3c000 0022f630 0022f69c .l......0."...".
0x0022f554: 0022f69c 0347975c 00000000 0022f57c ..".\.G.....|.".
0x0022f564: 01194b88 11f66cc8 13d3c000 0022f630 .K...l......0.".
0x0022f574: 0022f69c 0022f5ec 0022f5b8 012311b5 .."..."..."...#.
0x0022f584: 0347975c 13d3c000 0022f608 0022f69c \.G......."...".
0x0022f594: 0022f69c 0022f5ec 01aa8cf0 01aa8db0 .."...".........
0x0022f5a4: 00000018 01aa8cf0 00000000 0022f5dc ..............".
0x0022f5b4: 0022f5dc 0022f5c8 0123133e 0022f69c .."...".>.#...".
0x0022f5c4: 00000000 0022f5dc 01231161 0022f69c ......".a.#...".
0x0022f5d4: 00000001 0022f69c 0022f684 01183f9d ......"..."..?..
0x0022f5e4: 0022f69c 03476730 019017e8 0347975c ..".0gG.....\.G.
0x0022f5f4: 13d3c000 00002b40 0b290a68 00220101 ....@+..h.)...".
0x0022f604: 00000000 00000000 00000000 00000000 ................
0x0022f614: 00000000 00000000 00000000 00000000 ................
0x0022f624: 00000000 00000000 00000000 00000000 ................
0x0022f634: 00000000 00000000 00000000 00000000 ................
0x0022f644: 00000000 00000000 00000000 00000000 ................
0x0022f654: 00000000 00000000 00000000 00000000 ................
0x0022f664: 00000000 00000000 00000000 00000000 ................
0x0022f674: 00000000 00000000 00000000 00000000 ................
0x0022f684: 0022f6a4 011841e3 0022f69c 00000001 .."..A....".....
0x0022f694: 03476730 00000000 00000000 0022f714 0gG...........".
0x0022f6a4: 0022f714 01186161 13d32ed0 119b16d0 ..".aa..........
0x0022f6b4: 046c4fc0 046fe9d8 00000008 046fe9e0 .Ol...o.......o.
0x0022f6c4: 046c4ea0 00000000 00000001 0022f708 .Nl...........".
0x0022f6d4: 10106235 046fe6d8 0022f708 10106268 5b....o...".hb..
0x0022f6e4: 046fe9dc fffc64c0 101b70e0 11f7b658 ..o..d...p..X...
0x0022f6f4: 101062bc e8505108 fffc6078 11ee3c90 .b...QP.x`...<..
0x0022f704: 0307dba5 0022f758 119b16d0 0352a488 ....X.".......R.
0x0022f714: 0022f748 0118752b 0347975c 00000000 H.".+u..\.G.....
0x0022f724: 13d3c000 00000000 ec2c291f 0000090f .........),.....
0x0022f734: 13d3e5e8 1021d5e0 0022f750 1007c4a1 ......!.P.".....
0x0022f744: 0000002c 0022f758 012e4702 13d3c000 ,...X."..G......
0x0022f754: 0d137ed8 0022f798 046c4ef7 0d137ed8 .~...."..Nl..~..
0x0022f764: 13d3c000 046c4ea0 00000000 0022f798 .....Nl.......".
0x0022f774: 04320f80 04320f28 12068380 046c4ed9 ..2.(.2......Nl.
0x0022f784: 046c4fc0 13d32ed0 12068380 0022f798 .Ol...........".
0x0022f794: 046c4ecc 0022f7b8 046c4eb4 0d137ed8 .Nl..."..Nl..~..
0x0022f7a4: 13d3c000 0022f7ac 0022f7f8 12068380 ......"...".....
0x0022f7b4: 13d32ed0 0022f7f8 046fe9e0 0d137ed8 ......"...o..~..
0x0022f7c4: 13d3c000 0022f7d8 1005de41 00000009 ......".A.......
0x0022f7d4: 120688e0 0022f818 046a1270 0b3b4fbc ......".p.j..O;.
0x0022f7e4: 0d137ed8 0d137ed8 11f7f690 00000005 .~...~..........
0x0022f7f4: 0022f9d0 0022f840 046c5001 13d32ed0 ..".@."..Pl.....
0x0022f804: 046c4fc0 0022f9ec 120688e0 0022f828 .Ol...".....(.".
0x0022f814: 10001e35 11f66288 11f66288 11f66288 5....b...b...b..
0x0022f824: 00000000 00000000 10001ddd 0432a158 ............X.2.
0x0022f834: 11f66288 0022f840 0022f844 0022f870 .b..@.".D.".p.".
0x0022f844: 100f0376 13d32ed0 0022f964 0022f9d0 v.......d."...".
0x0022f854: 046fe6d8 00010000 0351b900 11f66288 ..o.......Q..b..
0x0022f864: 0d1bff60 00694e70 0022f9ec 0022f894 `...pNi..."...".
0x0022f874: 1005d78c 11f66288 13d32ed0 0022f964 .....b......d.".
0x0022f884: 0022f9d0 0022f9d0 03494160 0351b900 .."...".`AI...Q.
0x0022f894: 0022f8b0 01194b88 11f66288 13d32ed0 .."..K...b......
0x0022f8a4: 0022f964 0022f9d0 0022f920 0022f8ec d."...". ."...".
0x0022f8b4: 012311b5 03494160 13d32ed0 0022f93c ..#.`AI.....<.".
0x0022f8c4: 0022f9d0 0022f9d0 0022f920 012311b5 .."...". ."...#.
0x0022f8d4: 034a560c 0d1bff60 0022f958 0022f9ec .VJ.`...X."...".
0x0022f8e4: 0022f9ec 0022f93c 0022f8fc 0123133e ..".<."...".>.#.
0x0022f8f4: 0022f9d0 00000000 0022f910 01231161 ..".......".a.#.
0x0022f904: 0022f9d0 00000001 0022f9d0 0022f9b8 .."......."...".
0x0022f914: 01183f9d 0022f9d0 0348b044 019017e8 .?....".D.H.....
0x0022f924: 03494160 13d32ed0 00002b40 0b290a68 `AI.....@+..h.).
0x0022f934: 00220101 00000000 00000000 00000000 ..".............
0x0022f944: 00000000 00000000 00000000 00000000 ................
0x0022f954: 00000000 00000000 00000000 00000000 ................
0x0022f964: 00000000 00000000 00000000 00000000 ................
0x0022f974: 00000000 00000000 00000000 00000000 ................
0x0022f984: 00000000 00000000 00000000 00000000 ................
0x0022f994: 00000000 00000000 00000000 00000000 ................
0x0022f9a4: 00000000 00000000 00000000 00000000 ................
0x0022f9b4: 00000000 0022f9d8 011841e3 0022f9d0 ......"..A....".
0x0022f9c4: 0348b044 0351b9e4 0351b900 00000000 D.H...Q...Q.....
0x0022f9d4: 0022f9f4 0022f9f4 0118421f 0346771c .."..."..B...wF.
0x0022f9e4: 01184050 0351b9e4 00000000 0046770c P@....Q......wF.
0x0022f9f4: 0022fa60 0116d86e 119b16d0 0351b9e4 `.".n.........Q.
0x0022fa04: d7d53a08 00000002 00000001 03420dc4 .:............B.
0x0022fa14: 04af44ec 04af4aac 03420dc4 04af4aac .D...J....B..J..
0x0022fa24: 04af4aac 00000000 03479a5c 0346c3b4 .J......\.G...F.
0x0022fa34: 0022fa64 01187407 00000000 7757496d d."..t......mIWw
0x0022fa44: 04b53f24 00000854 42096782 01184250 $?..T....g.BPB..
0x0022fa54: 119b16d0 0351b9e4 034676f4 0022fb20 ......Q..vF. .".
0x0022fa64: 011fed37 00000002 00000000 00000000 7...............
0x0022fa74: 75f45f74 019017e8 034668a8 00000000 t_.u.....hF.....
0x0022fa84: 00000000 00000000 75f30101 00000000 ...........u....
0x0022fa94: 00000000 00000001 00000000 00000000 ................
0x0022faa4: 00000000 00000000 00000000 00000000 ................
0x0022fab4: 00000000 00000000 0022fa94 0022fa98 .........."...".
0x0022fac4: 00000000 00000000 00000000 00000000 ................
0x0022fad4: 00000000 00000000 00000000 00000000 ................
0x0022fae4: 00000001 00000001 00000000 00000000 ................
0x0022faf4: 00000000 00000000 00000000 00000000 ................
0x0022fb04: 00000000 00000000 00000002 00000001 ................
0x0022fb14: 3f800000 04b0aae0 0100fb2c 0022fb5c ...?....,...\.".
0x0022fb24: 01275a8b 00000000 00000001 00000000 .Z'.............
0x0022fb34: 00000010 00000001 0010070a 00000200 ................
0x0022fb44: 00000000 021003bf 004c2990 000003bf .........)L.....
0x0022fb54: 0000021b 000005e8 0022fc74 01277355 ........t.".Us'.
0x0022fb64: 00000000 00000000 fffde000 03421a58 ............X.B.
0x0022fb74: 0000000f 0022fb0c 00111f78 0000002c ......".x...,...
0x0022fb84: 0000002f 00792b7d 03422200 7756e38c /...}+y.."B...Vw
0x0022fb94: 7756e0f2 01b447a8 00000000 0000000f ..Vw.G..........
0x0022fba4: 01534761 6f6e6f00 6374652f 00111f00 aGS..ono/etc....
0x0022fbb4: 0000000f 00000000 0000000f 01a850f8 .............P..
0x0022fbc4: 03422228 03422260 03422260 0022fc10 ("B.`"B.`"B...".
0x0022fbd4: 03421a0c 0022fc00 00000412 00001001 ..B...".........
0x0022fbe4: 00000037 0000003f 01a067a0 0304392c 7...?....g..,9..
0x0022fbf4: 03421af0 00000004 0022fb34 7755fae6 ..B.....4."...Uw
0x0022fc04: 00000046 0000004f 49656e69 03422200 F...O...ineI."B.
0x0022fc14: 00000000 00000000 018e0ea4 00000000 ................
0x0022fc24: 0000000f 0022fc58 00000000 616e614d ....X.".....Mana
0x0022fc34: 00646567 015229bb 00000000 00000007 ged..)R.........
0x0022fc44: 0000000f 015229c8 0304392c 03471400 .....)R.,9....G.
0x0022fc54: 6e6f6d2f 6c642e6f 0100006c 00000000 /mono.dll.......
0x0022fc64: 0000000f 001117b8 00000000 00000000 ................
0x0022fc74: 0022fc8c 014ea618 01080000 00000000 .."...N.........
0x0022fc84: 00782d57 0000000a 0022fd1c 0151f4f0 W-x......."...Q.
0x0022fc94: 01080000 00000000 00782d57 0000000a ........W-x.....
0x0022fca4: 0306128d 00000000 00000000 fffde000 ................
0x0022fcb4: 00000044 00781bf0 00781bd0 00781bbc D.....x...x...x.
0x0022fcc4: 00000000 00000000 00000000 00000000 ................
0x0022fcd4: 00000000 00000000 00000000 00000000 ................
0x0022fce4: 00000000 00000000 00000000 0022fd18 ..............".
0x0022fcf4: 01530834 c0000005 00000000 00000000 4.S.............
0x0022fd04: 0022fca4 0022e6ac 0022fd58 015212d0 .."...".X."...R.
0x0022fd14: 0283faa9 00000000 0022fd28 758d336a ........(.".j3.u
0x0022fd24: fffde000 0022fd68 775792b2 fffde000 ....h."...Ww....
0x0022fd34: 770d046d 00000000 00000000 fffde000 m..w............
0x0022fd44: c0000005 758f76c7 758f76c7 0022fd34 .....v.u.v.u4.".
0x0022fd54: 0022e6b0 ffffffff 775b1985 00793c55 ..".......[wU<y.
0x0022fd64: 00000000 0022fd80 77579285 0151f543 ......"...WwC.Q.
0x0022fd74: fffde000 00000000 00000000 00000000 ................
0x0022fd84: 00000000 0151f543 fffde000 00000000 ....C.Q.........
0x0022fd94: 00000000 00000000 00000000 00000000 ................
0x0022fda4: 00000000 00000000 00000000 00000000 ................
0x0022fdb4: 00000000 00000000 00000000 00000000 ................
0x0022fdc4: 00000000 00000000 00000000 00000000 ................
0x0022fdd4: 00000000 00000000 00000000 00000000 ................
0x0022fde4: 00000000 00000000 00000000 00000000 ................
0x0022fdf4: 00000000 00000000 00000000 00000000 ................
0x0022fe04: 00000000 00000000 00000000 00000000 ................
0x0022fe14: 00000000 00000000 00000000 00000000 ................
0x0022fe24: 00000000 00000000 00000000 00000000 ................
0x0022fe34: 00000000 00000000 00000000 00000000 ................
0x0022fe44: 00000000 00000000 00000000 00000000 ................
0x0022fe54: 00000000 00000000 00000000 00000000 ................
0x0022fe64: 00000000 00000000 00000000 00000000 ................
0x0022fe74: 00000000 00000000 00000000 00000000 ................
0x0022fe84: 00000000 00000000 00000000 00000000 ................
0x0022fe94: 00000000 00000000 00000000 00000000 ................
0x0022fea4: 00000000 00000000 00000000 00000000 ................
0x0022feb4: 00000000 00000000 00000000 00000000 ................
0x0022fec4: 00000000 00000000 00000000 00000000 ................
0x0022fed4: 00000000 00000000 00000000 00000000 ................
0x0022fee4: 00000000 00000000 00000000 00000000 ................
0x0022fef4: 00000000 00000000 00000000 00000000 ................
0x0022ff04: 00000000 00000000 00000000 00000000 ................
0x0022ff14: 00000000 00000000 00000000 00000000 ................
0x0022ff24: 00000000 00000000 00000000 00000000 ................
0x0022ff34: 00000000 00000000 00000000 00000000 ................
0x0022ff44: 00000000 00000000 00000000 00000000 ................
0x0022ff54: 00000000 00000000 00000000 00000000 ................
0x0022ff64: 00000000 00000000 00000000 00000000 ................
0x0022ff74: 00000000 00000000 00000000 00000000 ................
0x0022ff84: 00000000 00000000 00000000 00000000 ................
0x0022ff94: 00000000 00000000 00000000 00000000 ................
0x0022ffa4: 00000000 00000000 00000000 00000000 ................
0x0022ffb4: 00000000 00000000 00000000 00000000 ................
0x0022ffc4: 00000000 00000000 00000000 00000000 ................
0x0022ffd4: 00000000 00000000 00000000 00000000 ................
0x0022ffe4: 00000000 00000000 00000000 00000000 ................
0x0022fff4: 00000000 00000000 00000000          ............

Module 1
C:\Users\joon\Documents\GitHub\Matrix\MainUI\last1.exe
Image Base: 0x01080000  Image Size: 0x00bb2000
File Size:  11595264    File Time:  2014-11-19_014824
Version:
   Company:    
   Product:    
   FileDesc:   
   FileVer:    4.6.0.47091
   ProdVer:    4.6.0.47091

Module 2
C:\Windows\system32\nvspcap.dll
Image Base: 0x10000000  Image Size: 0x0021c000
File Size:  2210040     File Time:  2015-04-08_192130
Version:
   Company:    NVIDIA Corporation
   Product:    NVIDIA GeForce Experience
   FileDesc:   NVIDIA Capture Server Proxy
   FileVer:    16.18.9.0
   ProdVer:    16.18.9.0

Module 3
C:\Program Files (x86)\NVIDIA Corporation\CoProcManager\detoured.dll
Image Base: 0x0f000000  Image Size: 0x00006000
File Size:  10952       File Time:  2015-04-08_192102
Version:
   Company:    
   Product:    
   FileDesc:   
   FileVer:    0.0.0.0
   ProdVer:    0.0.0.0

Module 4
C:\Users\joon\Documents\GitHub\Matrix\MainUI\last1_Data\Mono\mono.dll
Image Base: 0x10000000  Image Size: 0x0022f000
File Size:  2101760     File Time:  2014-11-19_013104
Version:
   Company:    
   Product:    
   FileDesc:   
   FileVer:    0.0.0.0
   ProdVer:    0.0.0.0

Module 5
C:\Windows\system32\nvwgf2um.dll
Image Base: 0x59680000  Image Size: 0x0119c000
File Size:  18517688    File Time:  2015-04-08_192106
Version:
   Company:    NVIDIA Corporation
   Product:    NVIDIA D3D10 drivers
   FileDesc:   NVIDIA D3D10 Driver, Version 345.05 
   FileVer:    9.18.13.4505
   ProdVer:    9.18.13.4505

Module 6
C:\Windows\system32\nvapi.dll
Image Base: 0x5b6d0000  Image Size: 0x002e2000
File Size:  2876688     File Time:  2015-04-08_192058
Version:
   Company:    NVIDIA Corporation
   Product:    NVIDIA Windows drivers
   FileDesc:   NVIDIA NVAPI Library, Version 345.05 
   FileVer:    9.18.13.4505
   ProdVer:    9.18.13.4505

Module 7
C:\Windows\system32\OVRDisplay32.dll
Image Base: 0x63820000  Image Size: 0x00012000
File Size:  64512       File Time:  2015-03-26_125902
Version:
   Company:    Oculus VR, LLC
   Product:    Oculus Display Driver
   FileDesc:   Oculus Display Driver
   FileVer:    1.2.4.0
   ProdVer:    1.2.4.0

Module 8
C:\Users\joon\Documents\GitHub\Matrix\MainUI\last1_Data\Plugins\OculusPlugin.DLL
Image Base: 0x63840000  Image Size: 0x000a9000
File Size:  667136      File Time:  2015-05-19_193650
Version:
   Company:    
   Product:    
   FileDesc:   
   FileVer:    0.0.0.0
   ProdVer:    0.0.0.0

Module 9
C:\Windows\system32\igdusc32.dll
Image Base: 0x64ea0000  Image Size: 0x00875000
File Size:  4679768     File Time:  2015-04-08_192038
Version:
   Company:    Intel Corporation
   Product:    Intel HD Graphics Drivers for Windows 8(R)
   FileDesc:   Unified Shader Compiler for Intel(R) Graphics Accelerator
   FileVer:    10.18.10.4013
   ProdVer:    10.18.10.4013

Module 10
C:\Windows\system32\ime\shared\imjkapi.dll
Image Base: 0x65720000  Image Size: 0x00023000
File Size:  126976      File Time:  2009-07-14_101536
Version:
   Company:    Microsoft Corporation
   Product:    Microsoft® Windows® Operating System
   FileDesc:   Microsoft IME
   FileVer:    10.1.7600.16385
   ProdVer:    10.1.7600.16385

Module 11
C:\Windows\system32\ime\shared\imetip.dll
Image Base: 0x65750000  Image Size: 0x0005e000
File Size:  374272      File Time:  2010-11-21_122430
Version:
   Company:    Microsoft Corporation
   Product:    Microsoft® Windows® Operating System
   FileDesc:   Microsoft IME
   FileVer:    10.1.7601.17514
   ProdVer:    10.1.7601.17514

Module 12
C:\Windows\system32\ime\imekr8\imkrtip.dll
Image Base: 0x657b0000  Image Size: 0x0008c000
File Size:  562176      File Time:  2009-07-14_101538
Version:
   Company:    Microsoft Corporation
   Product:    Microsoft® Windows® Operating System
   FileDesc:   Microsoft® Korean IME
   FileVer:    8.1.7600.16385
   ProdVer:    8.1.7600.16385

Module 13
C:\Windows\system32\igd10iumd32.dll
Image Base: 0x66030000  Image Size: 0x006c4000
File Size:  7080680     File Time:  2015-04-08_192036
Version:
   Company:    Intel Corporation
   Product:    Intel HD Graphics Drivers for Windows 8(R)
   FileDesc:   User Mode Driver for Intel(R) Graphics Technology
   FileVer:    10.18.10.4013
   ProdVer:    10.18.10.4013

Module 14
C:\Windows\system32\nvumdshim.dll
Image Base: 0x66700000  Image Size: 0x000dd000
File Size:  872856      File Time:  2015-04-08_192106
Version:
   Company:    NVIDIA Corporation
   Product:    NVIDIA D3D shim drivers
   FileDesc:   NVIDIA D3D Shim Driver, Version 345.05 
   FileVer:    9.18.13.4505
   ProdVer:    9.18.13.4505

Module 15
C:\Windows\system32\d3d10_1core.dll
Image Base: 0x66840000  Image Size: 0x00041000
File Size:  249856      File Time:  2015-04-08_193238
Version:
   Company:    Microsoft Corporation
   Product:    Microsoft® Windows® Operating System
   FileDesc:   Direct3D 10.1 Runtime
   FileVer:    6.2.9200.16492
   ProdVer:    6.2.9200.16492

Module 16
C:\Windows\system32\d3d10_1.dll
Image Base: 0x66890000  Image Size: 0x0002c000
File Size:  161792      File Time:  2015-04-08_193238
Version:
   Company:    Microsoft Corporation
   Product:    Microsoft® Windows® Operating System
   FileDesc:   Direct3D 10.1 Runtime
   FileVer:    6.2.9200.16492
   ProdVer:    6.2.9200.16492

Module 17
C:\Users\joon\Documents\GitHub\Matrix\MainUI\Leap.dll
Image Base: 0x66ad0000  Image Size: 0x0011a000
File Size:  1138512     File Time:  2015-05-19_193706
Version:
   Company:    Leap Motion
   Product:    Leap Motion API
   FileDesc:   Leap Motion API
   FileVer:    2.2.1.0
   ProdVer:    2.2.1.0

Module 18
C:\Users\joon\Documents\GitHub\Matrix\MainUI\LeapCSharp.DLL
Image Base: 0x66bf0000  Image Size: 0x00023000
File Size:  132944      File Time:  2015-05-19_193706
Version:
   Company:    Leap Motion
   Product:    Leap Motion API
   FileDesc:   Leap Motion API
   FileVer:    2.2.1.0
   ProdVer:    2.2.1.0

Module 19
C:\Windows\system32\ime\imekr8\imkrapi.dll
Image Base: 0x69870000  Image Size: 0x00020000
File Size:  113664      File Time:  2009-07-14_101538
Version:
   Company:    Microsoft Corporation
   Product:    Microsoft® Windows® Operating System
   FileDesc:   Microsoft® Korean IME
   FileVer:    8.1.7600.16385
   ProdVer:    8.1.7600.16385

Module 20
C:\Windows\system32\HID.DLL
Image Base: 0x698c0000  Image Size: 0x00009000
File Size:  22016       File Time:  2009-07-14_101526
Version:
   Company:    Microsoft Corporation
   Product:    Microsoft® Windows® Operating System
   FileDesc:   HID 사용자 라이브러리
   FileVer:    6.1.7600.16385
   ProdVer:    6.1.7600.16385

Module 21
C:\Windows\system32\d3d10.dll
Image Base: 0x69a80000  Image Size: 0x0010f000
File Size:  1080832     File Time:  2015-04-08_193238
Version:
   Company:    Microsoft Corporation
   Product:    Microsoft® Windows® Operating System
   FileDesc:   Direct3D 10 Runtime
   FileVer:    6.2.9200.16492
   ProdVer:    6.2.9200.16492

Module 22
C:\Windows\system32\d3d10core.dll
Image Base: 0x69b90000  Image Size: 0x0003a000
File Size:  220160      File Time:  2015-04-08_193238
Version:
   Company:    Microsoft Corporation
   Product:    Microsoft® Windows® Operating System
   FileDesc:   Direct3D 10 Runtime
   FileVer:    6.2.9200.16492
   ProdVer:    6.2.9200.16492

Module 23
C:\Windows\system32\OVRDisplayRT32.dll
Image Base: 0x6a260000  Image Size: 0x00017000
File Size:  77824       File Time:  2015-03-26_125908
Version:
   Company:    Oculus VR, LLC
   Product:    Oculus Display Driver
   FileDesc:   Oculus Display Driver
   FileVer:    1.2.4.0
   ProdVer:    1.2.4.0

Module 24
C:\Windows\system32\dbghelp.dll
Image Base: 0x6cf90000  Image Size: 0x000eb000
File Size:  854016      File Time:  2010-11-21_122410
Version:
   Company:    Microsoft Corporation
   Product:    Microsoft® Windows® Operating System
   FileDesc:   Windows Image Helper
   FileVer:    6.1.7601.17514
   ProdVer:    6.1.7601.17514

Module 25
C:\Windows\system32\MSVCR120.dll
Image Base: 0x6d9e0000  Image Size: 0x000ee000
File Size:  970912      File Time:  2013-10-05_023822
Version:
   Company:    Microsoft Corporation
   Product:    Microsoft® Visual Studio® 2013
   FileDesc:   Microsoft® C Runtime Library
   FileVer:    12.0.21005.1
   ProdVer:    12.0.21005.1

Module 26
C:\Windows\system32\MSVCP120.dll
Image Base: 0x6f2f0000  Image Size: 0x00071000
File Size:  455328      File Time:  2013-10-05_023822
Version:
   Company:    Microsoft Corporation
   Product:    Microsoft® Visual Studio® 2013
   FileDesc:   Microsoft® C Runtime Library
   FileVer:    12.0.21005.1
   ProdVer:    12.0.21005.1

Module 27
C:\Windows\system32\GLU32.dll
Image Base: 0x6f810000  Image Size: 0x00022000
File Size:  130048      File Time:  2009-07-14_101524
Version:
   Company:    Microsoft Corporation
   Product:    Microsoft® Windows® Operating System
   FileDesc:   OpenGL Utility Library DLL
   FileVer:    6.1.7600.16385
   ProdVer:    6.1.7600.16385

Module 28
C:\Windows\system32\OPENGL32.dll
Image Base: 0x6f840000  Image Size: 0x000c8000
File Size:  791552      File Time:  2009-07-14_101614
Version:
   Company:    Microsoft Corporation
   Product:    Microsoft® Windows® Operating System
   FileDesc:   OpenGL Client DLL
   FileVer:    6.1.7600.16385
   ProdVer:    6.1.7600.16385

Module 29
C:\Windows\system32\DCIMAN32.dll
Image Base: 0x70d60000  Image Size: 0x00006000
File Size:  10240       File Time:  2015-02-20_131348
Version:
   Company:    Microsoft Corporation
   Product:    Microsoft® Windows® Operating System
   FileDesc:   DCI Manager
   FileVer:    6.1.7601.18768
   ProdVer:    6.1.7601.18768

Module 30
C:\Windows\system32\DDRAW.dll
Image Base: 0x70d70000  Image Size: 0x000e7000
File Size:  531968      File Time:  2009-07-14_101512
Version:
   Company:    Microsoft Corporation
   Product:    Microsoft® Windows® Operating System
   FileDesc:   Microsoft DirectDraw
   FileVer:    6.1.7600.16385
   ProdVer:    6.1.7600.16385

Module 31
C:\Windows\system32\d3d8thk.dll
Image Base: 0x70e60000  Image Size: 0x00006000
File Size:  11264       File Time:  2009-07-14_101510
Version:
   Company:    Microsoft Corporation
   Product:    Microsoft® Windows® Operating System
   FileDesc:   Microsoft Direct3D OS Thunk Layer
   FileVer:    6.1.7600.16385
   ProdVer:    6.1.7600.16385

Module 32
C:\Windows\system32\d3d9.dll
Image Base: 0x70e70000  Image Size: 0x001c3000
File Size:  1828352     File Time:  2010-11-21_122424
Version:
   Company:    Microsoft Corporation
   Product:    Microsoft® Windows® Operating System
   FileDesc:   Direct3D 9 Runtime
   FileVer:    6.1.7601.17514
   ProdVer:    6.1.7601.17514

Module 33
C:\Windows\system32\dxgi.dll
Image Base: 0x71040000  Image Size: 0x0004c000
File Size:  293376      File Time:  2015-04-08_193238
Version:
   Company:    Microsoft Corporation
   Product:    Microsoft® Windows® Operating System
   FileDesc:   DirectX Graphics Infrastructure
   FileVer:    6.2.9200.16492
   ProdVer:    6.2.9200.16492

Module 34
C:\Windows\system32\d3d11.dll
Image Base: 0x71090000  Image Size: 0x00175000
File Size:  1505280     File Time:  2015-04-08_193224
Version:
   Company:    Microsoft Corporation
   Product:    Microsoft® Windows® Operating System
   FileDesc:   Direct3D 11 Runtime
   FileVer:    6.2.9200.16570
   ProdVer:    6.2.9200.16570

Module 35
C:\Program Files (x86)\NVIDIA Corporation\CoProcManager\nvdxgiwrap.dll
Image Base: 0x71210000  Image Size: 0x0001f000
File Size:  108608      File Time:  2015-04-08_192102
Version:
   Company:    NVIDIA Corporation
   Product:    NVIDIA D3D shim drivers
   FileDesc:   NVIDIA dxgiwrap dll, Version 345.05 
   FileVer:    9.18.13.4505
   ProdVer:    9.18.13.4505

Module 36
C:\Program Files (x86)\NVIDIA Corporation\CoProcManager\nvd3d9wrap.dll
Image Base: 0x71230000  Image Size: 0x0002b000
File Size:  159400      File Time:  2015-04-08_192102
Version:
   Company:    NVIDIA Corporation
   Product:    NVIDIA D3D shim drivers
   FileDesc:   NVIDIA d3d9wrap dll, Version 345.05 
   FileVer:    9.18.13.4505
   ProdVer:    9.18.13.4505

Module 37
C:\Windows\system32\dhcpcsvc6.DLL
Image Base: 0x714b0000  Image Size: 0x0000d000
File Size:  44032       File Time:  2012-10-10_024032
Version:
   Company:    Microsoft Corporation
   Product:    Microsoft® Windows® Operating System
   FileDesc:   DHCPv6 클라이언트
   FileVer:    6.1.7601.17970
   ProdVer:    6.1.7601.17970

Module 38
C:\Windows\system32\credssp.dll
Image Base: 0x714c0000  Image Size: 0x00008000
File Size:  17408       File Time:  2015-04-04_120524
Version:
   Company:    Microsoft Corporation
   Product:    Microsoft® Windows® Operating System
   FileDesc:   Credential Delegation Security Package
   FileVer:    6.1.7601.18812
   ProdVer:    6.1.7601.18812

Module 39
C:\Windows\System32\wship6.dll
Image Base: 0x716f0000  Image Size: 0x00006000
File Size:  10752       File Time:  2009-07-14_101622
Version:
   Company:    Microsoft Corporation
   Product:    Microsoft® Windows® Operating System
   FileDesc:   Winsock2 도우미 DLL(TL/IPv6)
   FileVer:    6.1.7600.16385
   ProdVer:    6.1.7600.16385

Module 40
C:\Windows\System32\fwpuclnt.dll
Image Base: 0x71700000  Image Size: 0x00038000
File Size:  216576      File Time:  2013-10-12_110126
Version:
   Company:    Microsoft Corporation
   Product:    Microsoft® Windows® Operating System
   FileDesc:   FWP/IPsec 사용자 모드 API
   FileVer:    6.1.7601.18283
   ProdVer:    6.1.7601.18283

Module 41
C:\Windows\system32\dhcpcsvc.DLL
Image Base: 0x718b0000  Image Size: 0x00012000
File Size:  61952       File Time:  2009-07-14_101512
Version:
   Company:    Microsoft Corporation
   Product:    Microsoft® Windows® Operating System
   FileDesc:   DHCP 클라이언트 서비스
   FileVer:    6.1.7600.16385
   ProdVer:    6.1.7600.16385

Module 42
C:\Windows\SysWOW64\bcryptprimitives.dll
Image Base: 0x718f0000  Image Size: 0x0003d000
File Size:  249680      File Time:  2009-07-14_101756
Version:
   Company:    Microsoft Corporation
   Product:    Microsoft® Windows® Operating System
   FileDesc:   Windows Cryptographic Primitives Library
   FileVer:    6.1.7600.16385
   ProdVer:    6.1.7600.16385

Module 43
C:\Windows\system32\bcrypt.dll
Image Base: 0x71930000  Image Size: 0x00017000
File Size:  80896       File Time:  2009-07-14_101122
Version:
   Company:    Microsoft Corporation
   Product:    Microsoft® Windows® Operating System
   FileDesc:   Windows Cryptographic Primitives Library (Wow64)
   FileVer:    6.1.7600.16385
   ProdVer:    6.1.7600.16385

Module 44
C:\Windows\system32\ncrypt.dll
Image Base: 0x71950000  Image Size: 0x00038000
File Size:  221184      File Time:  2015-04-04_120536
Version:
   Company:    Microsoft Corporation
   Product:    Microsoft® Windows® Operating System
   FileDesc:   Windows 암호화 라이브러리
   FileVer:    6.1.7601.18812
   ProdVer:    6.1.7601.18812

Module 45
C:\Windows\system32\dwmapi.dll
Image Base: 0x719a0000  Image Size: 0x00013000
File Size:  67072       File Time:  2009-07-14_101514
Version:
   Company:    Microsoft Corporation
   Product:    Microsoft® Windows® Operating System
   FileDesc:   Microsoft 바탕 화면 창 관리자 API
   FileVer:    6.1.7600.16385
   ProdVer:    6.1.7600.16385

Module 46
C:\Windows\system32\uxtheme.dll
Image Base: 0x719c0000  Image Size: 0x00080000
File Size:  245760      File Time:  2009-07-14_101126
Version:
   Company:    Microsoft Corporation
   Product:    Microsoft® Windows® Operating System
   FileDesc:   Microsoft UxTheme 라이브러리
   FileVer:    6.1.7600.16385
   ProdVer:    6.1.7600.16385

Module 47
C:\Windows\system32\WINMM.dll
Image Base: 0x71a50000  Image Size: 0x00032000
File Size:  194048      File Time:  2010-11-21_122418
Version:
   Company:    Microsoft Corporation
   Product:    Microsoft® Windows® Operating System
   FileDesc:   MCI API DLL
   FileVer:    6.1.7601.17514
   ProdVer:    6.1.7601.17514

Module 48
C:\Windows\system32\PROPSYS.dll
Image Base: 0x71e10000  Image Size: 0x000f5000
File Size:  988160      File Time:  2010-11-21_122410
Version:
   Company:    Microsoft Corporation
   Product:    Windows® Search
   FileDesc:   Microsoft 속성 시스템
   FileVer:    7.0.7601.17514
   ProdVer:    7.0.7601.17514

Module 49
C:\Windows\WinSxS\x86_microsoft.windows.common-controls_6595b64144ccf1df_6.0.7601.18807_none_41e554362bd82458\COMCTL32.dll
Image Base: 0x71f10000  Image Size: 0x0019e000
File Size:  1680896     File Time:  2015-03-30_120222
Version:
   Company:    Microsoft Corporation
   Product:    Microsoft® Windows® Operating System
   FileDesc:   User Experience Controls Library
   FileVer:    6.10.7601.18807
   ProdVer:    6.1.7601.18807

Module 50
C:\Windows\system32\webio.dll
Image Base: 0x720b0000  Image Size: 0x0004f000
File Size:  314880      File Time:  2011-11-17_143504
Version:
   Company:    Microsoft Corporation
   Product:    Microsoft® Windows® Operating System
   FileDesc:   웹 전송 프로토콜 API
   FileVer:    6.1.7601.17725
   ProdVer:    6.1.7601.17725

Module 51
C:\Windows\system32\WINHTTP.dll
Image Base: 0x72100000  Image Size: 0x00058000
File Size:  351232      File Time:  2010-11-21_122410
Version:
   Company:    Microsoft Corporation
   Product:    Microsoft® Windows® Operating System
   FileDesc:   Windows HTTP Services
   FileVer:    6.1.7601.17514
   ProdVer:    6.1.7601.17514

Module 52
C:\Windows\system32\WINNSI.DLL
Image Base: 0x72160000  Image Size: 0x00007000
File Size:  16896       File Time:  2009-07-14_101620
Version:
   Company:    Microsoft Corporation
   Product:    Microsoft® Windows® Operating System
   FileDesc:   Network Store Information RPC interface
   FileVer:    6.1.7600.16385
   ProdVer:    6.1.7600.16385

Module 53
C:\Windows\system32\IPHLPAPI.DLL
Image Base: 0x72170000  Image Size: 0x0001c000
File Size:  103936      File Time:  2010-11-21_122434
Version:
   Company:    Microsoft Corporation
   Product:    Microsoft® Windows® Operating System
   FileDesc:   IP Helper API
   FileVer:    6.1.7601.17514
   ProdVer:    6.1.7601.17514

Module 54
C:\Windows\system32\rasadhlp.dll
Image Base: 0x72190000  Image Size: 0x00006000
File Size:  11776       File Time:  2009-07-14_101614
Version:
   Company:    Microsoft Corporation
   Product:    Microsoft® Windows® Operating System
   FileDesc:   Remote Access AutoDial Helper
   FileVer:    6.1.7600.16385
   ProdVer:    6.1.7600.16385

Module 55
C:\Windows\system32\DNSAPI.dll
Image Base: 0x72450000  Image Size: 0x00044000
File Size:  270336      File Time:  2011-03-03_143802
Version:
   Company:    Microsoft Corporation
   Product:    Microsoft® Windows® Operating System
   FileDesc:   DNS 클라이언트 API DLL
   FileVer:    6.1.7601.17570
   ProdVer:    6.1.7601.17570

Module 56
C:\Windows\system32\VERSION.dll
Image Base: 0x724d0000  Image Size: 0x00009000
File Size:  21504       File Time:  2009-07-14_101618
Version:
   Company:    Microsoft Corporation
   Product:    Microsoft® Windows® Operating System
   FileDesc:   Version Checking and File Installation Libraries
   FileVer:    6.1.7600.16385
   ProdVer:    6.1.7600.16385

Module 57
C:\Windows\System32\wshtcpip.dll
Image Base: 0x727d0000  Image Size: 0x00005000
File Size:  9216        File Time:  2009-07-14_101622
Version:
   Company:    Microsoft Corporation
   Product:    Microsoft® Windows® Operating System
   FileDesc:   Winsock2 도우미 DLL(TL/IPv4)
   FileVer:    6.1.7600.16385
   ProdVer:    6.1.7600.16385

Module 58
C:\Windows\system32\ntmarta.dll
Image Base: 0x727e0000  Image Size: 0x00021000
File Size:  121856      File Time:  2009-07-14_101612
Version:
   Company:    Microsoft Corporation
   Product:    Microsoft® Windows® Operating System
   FileDesc:   Windows NT MARTA 공급자
   FileVer:    6.1.7600.16385
   ProdVer:    6.1.7600.16385

Module 59
C:\Windows\system32\MSWSOCK.dll
Image Base: 0x72810000  Image Size: 0x0003c000
File Size:  231424      File Time:  2015-04-08_193320
Version:
   Company:    Microsoft Corporation
   Product:    Microsoft® Windows® Operating System
   FileDesc:   Microsoft Windows 소켓 2.0 서비스 공급자
   FileVer:    6.1.7601.18254
   ProdVer:    6.1.7601.18254

Module 60
C:\Windows\SysWOW64\nvinit.dll
Image Base: 0x72d30000  Image Size: 0x0002c000
File Size:  157024      File Time:  2015-04-08_192102
Version:
   Company:    NVIDIA Corporation
   Product:    NVIDIA D3D shim drivers
   FileDesc:   NVIDIA shim initialization dll, Version 345.05 
   FileVer:    9.18.13.4505
   ProdVer:    9.18.13.4505

Module 61
C:\Windows\system32\midimap.dll
Image Base: 0x73150000  Image Size: 0x00007000
File Size:  16896       File Time:  2009-07-14_101542
Version:
   Company:    Microsoft Corporation
   Product:    Microsoft® Windows® Operating System
   FileDesc:   Microsoft MIDI Mapper
   FileVer:    6.1.7600.16385
   ProdVer:    6.1.7600.16385

Module 62
C:\Windows\system32\MSACM32.dll
Image Base: 0x73160000  Image Size: 0x00014000
File Size:  72192       File Time:  2009-07-14_101544
Version:
   Company:    Microsoft Corporation
   Product:    Microsoft® Windows® Operating System
   FileDesc:   Microsoft ACM 오디오 필터
   FileVer:    6.1.7600.16385
   ProdVer:    6.1.7600.16385

Module 63
C:\Windows\system32\msacm32.drv
Image Base: 0x73180000  Image Size: 0x00008000
File Size:  20992       File Time:  2009-07-14_101410
Version:
   Company:    Microsoft Corporation
   Product:    Microsoft® Windows® Operating System
   FileDesc:   Microsoft 사운드 매퍼
   FileVer:    6.1.7600.16385
   ProdVer:    6.1.7600.16385

Module 64
C:\Windows\system32\AUDIOSES.DLL
Image Base: 0x73190000  Image Size: 0x00036000
File Size:  195584      File Time:  2015-02-03_121214
Version:
   Company:    Microsoft Corporation
   Product:    Microsoft® Windows® Operating System
   FileDesc:   Audio Session
   FileVer:    6.1.7601.18741
   ProdVer:    6.1.7601.18741

Module 65
C:\Windows\system32\AVRT.dll
Image Base: 0x731d0000  Image Size: 0x00007000
File Size:  14336       File Time:  2009-07-14_101500
Version:
   Company:    Microsoft Corporation
   Product:    Microsoft® Windows® Operating System
   FileDesc:   Multimedia Realtime Runtime
   FileVer:    6.1.7600.16385
   ProdVer:    6.1.7600.16385

Module 66
C:\Windows\system32\ksuser.dll
Image Base: 0x731e0000  Image Size: 0x00004000
File Size:  4608        File Time:  2009-07-14_101536
Version:
   Company:    Microsoft Corporation
   Product:    Microsoft® Windows® Operating System
   FileDesc:   User CSA Library
   FileVer:    6.1.7600.16385
   ProdVer:    6.1.7600.16385

Module 67
C:\Windows\system32\wdmaud.drv
Image Base: 0x731f0000  Image Size: 0x00030000
File Size:  172032      File Time:  2010-11-21_122402
Version:
   Company:    Microsoft Corporation
   Product:    Microsoft® Windows® Operating System
   FileDesc:   Winmm 오디오 시스템 드라이버
   FileVer:    6.1.7601.17514
   ProdVer:    6.1.7601.17514

Module 68
C:\Windows\system32\POWRPROF.dll
Image Base: 0x73220000  Image Size: 0x00025000
File Size:  145408      File Time:  2009-07-14_101614
Version:
   Company:    Microsoft Corporation
   Product:    Microsoft® Windows® Operating System
   FileDesc:   전원 프로필 도우미 DLL
   FileVer:    6.1.7600.16385
   ProdVer:    6.1.7600.16385

Module 69
C:\Windows\system32\dsound.dll
Image Base: 0x73250000  Image Size: 0x00072000
File Size:  453632      File Time:  2009-07-14_101514
Version:
   Company:    Microsoft Corporation
   Product:    Microsoft® Windows® Operating System
   FileDesc:   DirectSound
   FileVer:    6.1.7600.16385
   ProdVer:    6.1.7600.16385

Module 70
C:\Windows\system32\MMDevAPI.DLL
Image Base: 0x732d0000  Image Size: 0x00039000
File Size:  213504      File Time:  2010-11-21_122352
Version:
   Company:    Microsoft Corporation
   Product:    Microsoft® Windows® Operating System
   FileDesc:   MMDevice API
   FileVer:    6.1.7601.17514
   ProdVer:    6.1.7601.17514

Module 71
C:\Windows\syswow64\CRYPTBASE.dll
Image Base: 0x74ec0000  Image Size: 0x0000c000
File Size:  36864       File Time:  2009-07-14_101508
Version:
   Company:    Microsoft Corporation
   Product:    Microsoft® Windows® Operating System
   FileDesc:   Base cryptographic API DLL
   FileVer:    6.1.7600.16385
   ProdVer:    6.1.7600.16385

Module 72
C:\Windows\syswow64\SspiCli.dll
Image Base: 0x74ed0000  Image Size: 0x00060000
File Size:  96768       File Time:  2015-04-04_120404
Version:
   Company:    Microsoft Corporation
   Product:    Microsoft® Windows® Operating System
   FileDesc:   Security Support Provider Interface
   FileVer:    6.1.7601.18812
   ProdVer:    6.1.7601.18812

Module 73
C:\Windows\syswow64\CRYPT32.dll
Image Base: 0x74f30000  Image Size: 0x00121000
File Size:  1174528     File Time:  2015-02-03_121216
Version:
   Company:    Microsoft Corporation
   Product:    Microsoft® Windows® Operating System
   FileDesc:   Crypto API32
   FileVer:    6.1.7601.18741
   ProdVer:    6.1.7601.18741

Module 74
C:\Windows\syswow64\profapi.dll
Image Base: 0x75060000  Image Size: 0x0000b000
File Size:  31744       File Time:  2009-07-14_101614
Version:
   Company:    Microsoft Corporation
   Product:    Microsoft® Windows® Operating System
   FileDesc:   User Profile Basic API
   FileVer:    6.1.7600.16385
   ProdVer:    6.1.7600.16385

Module 75
C:\Windows\syswow64\CLBCatQ.DLL
Image Base: 0x75070000  Image Size: 0x00083000
File Size:  522240      File Time:  2009-07-14_101504
Version:
   Company:    Microsoft Corporation
   Product:    Microsoft® Windows® Operating System
   FileDesc:   COM+ Configuration Catalog
   FileVer:    2001.12.8530.16385
   ProdVer:    6.1.7600.16385

Module 76
C:\Windows\syswow64\MSASN1.dll
Image Base: 0x75100000  Image Size: 0x0000c000
File Size:  34304       File Time:  2010-11-21_122350
Version:
   Company:    Microsoft Corporation
   Product:    Microsoft® Windows® Operating System
   FileDesc:   ASN.1 Runtime APIs
   FileVer:    6.1.7601.17514
   ProdVer:    6.1.7601.17514

Module 77
C:\Windows\syswow64\MSCTF.dll
Image Base: 0x75110000  Image Size: 0x000cc000
File Size:  828928      File Time:  2015-01-17_113044
Version:
   Company:    Microsoft Corporation
   Product:    Microsoft® Windows® Operating System
   FileDesc:   MSCTF Server DLL
   FileVer:    6.1.7601.18731
   ProdVer:    6.1.7601.18731

Module 78
C:\Windows\syswow64\NSI.dll
Image Base: 0x751e0000  Image Size: 0x00006000
File Size:  8704        File Time:  2009-07-14_101612
Version:
   Company:    Microsoft Corporation
   Product:    Microsoft® Windows® Operating System
   FileDesc:   NSI User-mode interface DLL
   FileVer:    6.1.7600.16385
   ProdVer:    6.1.7600.16385

Module 79
C:\Windows\syswow64\ole32.dll
Image Base: 0x75430000  Image Size: 0x0015c000
File Size:  1414144     File Time:  2010-11-21_122402
Version:
   Company:    Microsoft Corporation
   Product:    Microsoft® Windows® Operating System
   FileDesc:   Windows용 Microsoft OLE
   FileVer:    6.1.7601.17514
   ProdVer:    6.1.7601.17514

Module 80
C:\Windows\syswow64\LPK.dll
Image Base: 0x75590000  Image Size: 0x0000a000
File Size:  25600       File Time:  2015-02-20_131252
Version:
   Company:    Microsoft Corporation
   Product:    Microsoft® Windows® Operating System
   FileDesc:   Language Pack
   FileVer:    6.1.7601.18768
   ProdVer:    6.1.7601.18768

Module 81
C:\Windows\syswow64\PSAPI.DLL
Image Base: 0x755e0000  Image Size: 0x00005000
File Size:  6144        File Time:  2009-07-14_101614
Version:
   Company:    Microsoft Corporation
   Product:    Microsoft® Windows® Operating System
   FileDesc:   Process Status Helper
   FileVer:    6.1.7600.16385
   ProdVer:    6.1.7600.16385

Module 82
C:\Windows\syswow64\GDI32.dll
Image Base: 0x755f0000  Image Size: 0x00090000
File Size:  311808      File Time:  2015-03-05_130508
Version:
   Company:    Microsoft Corporation
   Product:    Microsoft® Windows® Operating System
   FileDesc:   GDI Client DLL
   FileVer:    6.1.7601.18778
   ProdVer:    6.1.7601.18778

Module 83
C:\Windows\SysWOW64\sechost.dll
Image Base: 0x75690000  Image Size: 0x00019000
File Size:  92160       File Time:  2009-07-14_101614
Version:
   Company:    Microsoft Corporation
   Product:    Microsoft® Windows® Operating System
   FileDesc:   Host for SCM/SDDL/LSA Lookup APIs
   FileVer:    6.1.7600.16385
   ProdVer:    6.1.7600.16385

Module 84
C:\Windows\syswow64\ADVAPI32.dll
Image Base: 0x756c0000  Image Size: 0x000a0000
File Size:  640512      File Time:  2015-04-08_193330
Version:
   Company:    Microsoft Corporation
   Product:    Microsoft® Windows® Operating System
   FileDesc:   고급 Windows 32 기반 API
   FileVer:    6.1.7601.18247
   ProdVer:    6.1.7601.18247

Module 85
C:\Windows\syswow64\IMM32.dll
Image Base: 0x75760000  Image Size: 0x00060000
File Size:  119808      File Time:  2010-11-21_122426
Version:
   Company:    Microsoft Corporation
   Product:    Microsoft® Windows® Operating System
   FileDesc:   Multi-User Windows IMM32 API Client DLL
   FileVer:    6.1.7601.17514
   ProdVer:    6.1.7601.17514

Module 86
C:\Windows\syswow64\WLDAP32.dll
Image Base: 0x757c0000  Image Size: 0x00045000
File Size:  269824      File Time:  2010-11-21_122418
Version:
   Company:    Microsoft Corporation
   Product:    Microsoft® Windows® Operating System
   FileDesc:   Win32 LDAP API DLL
   FileVer:    6.1.7601.17514
   ProdVer:    6.1.7601.17514

Module 87
C:\Windows\syswow64\KERNELBASE.dll
Image Base: 0x75870000  Image Size: 0x00047000
File Size:  274944      File Time:  2015-03-17_135602
Version:
   Company:    Microsoft Corporation
   Product:    Microsoft® Windows® Operating System
   FileDesc:   Windows NT 기반 API 클라이언트 DLL
   FileVer:    6.1.7601.18798
   ProdVer:    6.1.7601.18798

Module 88
C:\Windows\syswow64\kernel32.dll
Image Base: 0x758c0000  Image Size: 0x00110000
File Size:  1114112     File Time:  2015-03-17_135602
Version:
   Company:    Microsoft Corporation
   Product:    Microsoft® Windows® Operating System
   FileDesc:   Windows NT 기반 API 클라이언트 DLL
   FileVer:    6.1.7601.18798
   ProdVer:    6.1.7601.18798

Module 89
C:\Windows\syswow64\RPCRT4.dll
Image Base: 0x759d0000  Image Size: 0x000f0000
File Size:  664064      File Time:  2014-07-14_104100
Version:
   Company:    Microsoft Corporation
   Product:    Microsoft® Windows® Operating System
   FileDesc:   원격 프로시저 호출 런타임
   FileVer:    6.1.7601.18532
   ProdVer:    6.1.7601.18532

Module 90
C:\Windows\syswow64\SHLWAPI.dll
Image Base: 0x75ac0000  Image Size: 0x00057000
File Size:  350208      File Time:  2010-11-21_122350
Version:
   Company:    Microsoft Corporation
   Product:    Microsoft® Windows® Operating System
   FileDesc:   셸 표준 이하 유틸리티 라이브러리
   FileVer:    6.1.7601.17514
   ProdVer:    6.1.7601.17514

Module 91
C:\Windows\syswow64\OLEAUT32.dll
Image Base: 0x75cb0000  Image Size: 0x0008f000
File Size:  571904      File Time:  2014-11-26_123206
Version:
   Company:    Microsoft Corporation
   Product:    
   FileDesc:   
   FileVer:    6.1.7601.18679
   ProdVer:    6.1.7601.18679

Module 92
C:\Windows\syswow64\USER32.dll
Image Base: 0x75f20000  Image Size: 0x00100000
File Size:  833024      File Time:  2015-03-31_222000
Version:
   Company:    Microsoft Corporation
   Product:    Microsoft® Windows® Operating System
   FileDesc:   다중 사용자 Windows 사용자 API 클라이언트 DLL
   FileVer:    6.1.7601.17514
   ProdVer:    6.1.7601.17514

Module 93
C:\Windows\syswow64\msvcrt.dll
Image Base: 0x76020000  Image Size: 0x000ac000
File Size:  690688      File Time:  2011-12-16_165300
Version:
   Company:    Microsoft Corporation
   Product:    Microsoft® Windows® Operating System
   FileDesc:   Windows NT CRT DLL
   FileVer:    7.0.7601.17744
   ProdVer:    6.1.8638.17744

Module 94
C:\Windows\syswow64\CFGMGR32.dll
Image Base: 0x760e0000  Image Size: 0x00027000
File Size:  145920      File Time:  2011-05-24_193940
Version:
   Company:    Microsoft Corporation
   Product:    Microsoft® Windows® Operating System
   FileDesc:   Configuration Manager DLL
   FileVer:    6.1.7601.17621
   ProdVer:    6.1.7601.17621

Module 95
C:\Windows\syswow64\USP10.dll
Image Base: 0x76110000  Image Size: 0x0009d000
File Size:  626688      File Time:  2014-04-25_110618
Version:
   Company:    Microsoft Corporation
   Product:    Microsoft(R) Uniscribe Unicode script processor
   FileDesc:   Uniscribe Unicode script processor
   FileVer:    1.626.7601.18454
   ProdVer:    1.626.7601.18454

Module 96
C:\Windows\syswow64\SETUPAPI.dll
Image Base: 0x76230000  Image Size: 0x0019d000
File Size:  1667584     File Time:  2010-11-21_122352
Version:
   Company:    Microsoft Corporation
   Product:    Microsoft® Windows® Operating System
   FileDesc:   Windows 설치 API
   FileVer:    6.1.7601.17514
   ProdVer:    6.1.7601.17514

Module 97
C:\Windows\syswow64\SHELL32.dll
Image Base: 0x76460000  Image Size: 0x00c4b000
File Size:  12875264    File Time:  2015-02-13_142620
Version:
   Company:    Microsoft Corporation
   Product:    Microsoft® Windows® Operating System
   FileDesc:   Windows 셸 공용 Dll
   FileVer:    6.1.7601.18762
   ProdVer:    6.1.7601.18762

Module 98
C:\Windows\syswow64\WINTRUST.dll
Image Base: 0x770b0000  Image Size: 0x0002f000
File Size:  179200      File Time:  2015-02-03_121250
Version:
   Company:    Microsoft Corporation
   Product:    Microsoft® Windows® Operating System
   FileDesc:   Microsoft Trust Verification APIs
   FileVer:    6.1.7601.18741
   ProdVer:    6.1.7601.18741

Module 99
C:\Windows\syswow64\WS2_32.dll
Image Base: 0x770e0000  Image Size: 0x00035000
File Size:  206848      File Time:  2010-11-21_122356
Version:
   Company:    Microsoft Corporation
   Product:    Microsoft® Windows® Operating System
   FileDesc:   Windows 소켓 2.0 32비트 DLL
   FileVer:    6.1.7601.17514
   ProdVer:    6.1.7601.17514

Module 100
C:\Windows\syswow64\DEVOBJ.dll
Image Base: 0x77120000  Image Size: 0x00012000
File Size:  64512       File Time:  2011-05-24_194006
Version:
   Company:    Microsoft Corporation
   Product:    Microsoft® Windows® Operating System
   FileDesc:   Device Information Set DLL
   FileVer:    6.1.7601.17621
   ProdVer:    6.1.7601.17621

Module 101
C:\Windows\SysWOW64\ntdll.dll
Image Base: 0x77540000  Image Size: 0x00180000
File Size:  1309696     File Time:  2015-03-17_135928
Version:
   Company:    Microsoft Corporation
   Product:    Microsoft® Windows® Operating System
   FileDesc:   NT 계층 DLL
   FileVer:    6.1.7601.18798
   ProdVer:    6.1.7601.18798


== [end of error.log] ==
